mode: set
github.com/backsaas/platform/services/gateway/cmd/server/main.go:11.13,23.22 3 0
github.com/backsaas/platform/services/gateway/cmd/server/main.go:23.22,25.3 1 0
github.com/backsaas/platform/services/gateway/cmd/server/main.go:28.2,38.16 3 0
github.com/backsaas/platform/services/gateway/cmd/server/main.go:38.16,40.3 1 0
github.com/backsaas/platform/services/gateway/cmd/server/main.go:42.2,46.35 4 0
github.com/backsaas/platform/services/gateway/cmd/server/main.go:46.35,48.3 1 0
github.com/backsaas/platform/services/gateway/cmd/server/main.go:51.46,52.42 1 0
github.com/backsaas/platform/services/gateway/cmd/server/main.go:52.42,54.3 1 0
github.com/backsaas/platform/services/gateway/cmd/server/main.go:55.2,55.21 1 0
github.com/backsaas/platform/services/gateway/internal/gateway/auth.go:20.96,24.2 1 1
github.com/backsaas/platform/services/gateway/internal/gateway/auth.go:27.70,28.30 1 1
github.com/backsaas/platform/services/gateway/internal/gateway/auth.go:28.30,30.23 1 1
github.com/backsaas/platform/services/gateway/internal/gateway/auth.go:30.23,33.4 2 1
github.com/backsaas/platform/services/gateway/internal/gateway/auth.go:36.3,36.61 1 1
github.com/backsaas/platform/services/gateway/internal/gateway/auth.go:36.61,39.4 2 0
github.com/backsaas/platform/services/gateway/internal/gateway/auth.go:42.3,43.17 2 1
github.com/backsaas/platform/services/gateway/internal/gateway/auth.go:43.17,50.4 3 1
github.com/backsaas/platform/services/gateway/internal/gateway/auth.go:53.3,54.17 2 0
github.com/backsaas/platform/services/gateway/internal/gateway/auth.go:54.17,61.4 3 0
github.com/backsaas/platform/services/gateway/internal/gateway/auth.go:64.3,64.62 1 0
github.com/backsaas/platform/services/gateway/internal/gateway/auth.go:64.62,71.4 3 0
github.com/backsaas/platform/services/gateway/internal/gateway/auth.go:74.3,76.11 2 0
github.com/backsaas/platform/services/gateway/internal/gateway/auth.go:81.91,83.29 1 1
github.com/backsaas/platform/services/gateway/internal/gateway/auth.go:83.29,85.23 2 1
github.com/backsaas/platform/services/gateway/internal/gateway/auth.go:85.23,87.48 1 0
github.com/backsaas/platform/services/gateway/internal/gateway/auth.go:87.48,89.5 1 0
github.com/backsaas/platform/services/gateway/internal/gateway/auth.go:90.4,90.26 1 0
github.com/backsaas/platform/services/gateway/internal/gateway/auth.go:95.2,95.29 1 1
github.com/backsaas/platform/services/gateway/internal/gateway/auth.go:95.29,96.61 1 0
github.com/backsaas/platform/services/gateway/internal/gateway/auth.go:96.61,98.4 1 0
github.com/backsaas/platform/services/gateway/internal/gateway/auth.go:102.2,102.29 1 1
github.com/backsaas/platform/services/gateway/internal/gateway/auth.go:102.29,103.55 1 0
github.com/backsaas/platform/services/gateway/internal/gateway/auth.go:103.55,105.4 1 0
github.com/backsaas/platform/services/gateway/internal/gateway/auth.go:108.2,108.56 1 1
github.com/backsaas/platform/services/gateway/internal/gateway/auth.go:112.91,113.83 1 0
github.com/backsaas/platform/services/gateway/internal/gateway/auth.go:113.83,115.58 1 0
github.com/backsaas/platform/services/gateway/internal/gateway/auth.go:115.58,117.4 1 0
github.com/backsaas/platform/services/gateway/internal/gateway/auth.go:118.3,118.29 1 0
github.com/backsaas/platform/services/gateway/internal/gateway/auth.go:121.2,121.16 1 0
github.com/backsaas/platform/services/gateway/internal/gateway/auth.go:121.16,123.3 1 0
github.com/backsaas/platform/services/gateway/internal/gateway/auth.go:125.2,125.18 1 0
github.com/backsaas/platform/services/gateway/internal/gateway/auth.go:125.18,127.3 1 0
github.com/backsaas/platform/services/gateway/internal/gateway/auth.go:129.2,130.9 2 0
github.com/backsaas/platform/services/gateway/internal/gateway/auth.go:130.9,132.3 1 0
github.com/backsaas/platform/services/gateway/internal/gateway/auth.go:135.2,135.44 1 0
github.com/backsaas/platform/services/gateway/internal/gateway/auth.go:135.44,136.37 1 0
github.com/backsaas/platform/services/gateway/internal/gateway/auth.go:136.37,138.4 1 0
github.com/backsaas/platform/services/gateway/internal/gateway/auth.go:141.2,141.20 1 0
github.com/backsaas/platform/services/gateway/internal/gateway/auth.go:145.93,147.35 1 0
github.com/backsaas/platform/services/gateway/internal/gateway/auth.go:147.35,149.10 2 0
github.com/backsaas/platform/services/gateway/internal/gateway/auth.go:149.10,151.4 1 0
github.com/backsaas/platform/services/gateway/internal/gateway/auth.go:153.3,154.53 2 0
github.com/backsaas/platform/services/gateway/internal/gateway/auth.go:154.53,155.39 1 0
github.com/backsaas/platform/services/gateway/internal/gateway/auth.go:155.39,156.42 1 0
github.com/backsaas/platform/services/gateway/internal/gateway/auth.go:156.42,158.11 2 0
github.com/backsaas/platform/services/gateway/internal/gateway/auth.go:161.4,161.23 1 0
github.com/backsaas/platform/services/gateway/internal/gateway/auth.go:161.23,162.10 1 0
github.com/backsaas/platform/services/gateway/internal/gateway/auth.go:166.3,166.23 1 0
github.com/backsaas/platform/services/gateway/internal/gateway/auth.go:166.23,168.4 1 0
github.com/backsaas/platform/services/gateway/internal/gateway/auth.go:172.2,172.36 1 0
github.com/backsaas/platform/services/gateway/internal/gateway/auth.go:172.36,174.10 2 0
github.com/backsaas/platform/services/gateway/internal/gateway/auth.go:174.10,176.4 1 0
github.com/backsaas/platform/services/gateway/internal/gateway/auth.go:178.3,179.55 2 0
github.com/backsaas/platform/services/gateway/internal/gateway/auth.go:179.55,180.41 1 0
github.com/backsaas/platform/services/gateway/internal/gateway/auth.go:180.41,181.44 1 0
github.com/backsaas/platform/services/gateway/internal/gateway/auth.go:181.44,183.11 2 0
github.com/backsaas/platform/services/gateway/internal/gateway/auth.go:186.4,186.24 1 0
github.com/backsaas/platform/services/gateway/internal/gateway/auth.go:186.24,187.10 1 0
github.com/backsaas/platform/services/gateway/internal/gateway/auth.go:191.3,191.24 1 0
github.com/backsaas/platform/services/gateway/internal/gateway/auth.go:191.24,193.4 1 0
github.com/backsaas/platform/services/gateway/internal/gateway/auth.go:196.2,196.12 1 0
github.com/backsaas/platform/services/gateway/internal/gateway/auth.go:200.79,201.41 1 1
github.com/backsaas/platform/services/gateway/internal/gateway/auth.go:201.41,202.42 1 1
github.com/backsaas/platform/services/gateway/internal/gateway/auth.go:202.42,204.4 1 1
github.com/backsaas/platform/services/gateway/internal/gateway/auth.go:206.2,206.14 1 1
github.com/backsaas/platform/services/gateway/internal/gateway/auth.go:210.79,212.46 1 0
github.com/backsaas/platform/services/gateway/internal/gateway/auth.go:212.46,214.3 1 0
github.com/backsaas/platform/services/gateway/internal/gateway/auth.go:216.2,216.47 1 0
github.com/backsaas/platform/services/gateway/internal/gateway/auth.go:216.47,218.3 1 0
github.com/backsaas/platform/services/gateway/internal/gateway/auth.go:220.2,220.54 1 0
github.com/backsaas/platform/services/gateway/internal/gateway/auth.go:220.54,222.3 1 0
github.com/backsaas/platform/services/gateway/internal/gateway/auth.go:224.2,224.54 1 0
github.com/backsaas/platform/services/gateway/internal/gateway/auth.go:224.54,226.30 2 0
github.com/backsaas/platform/services/gateway/internal/gateway/auth.go:226.30,228.4 1 0
github.com/backsaas/platform/services/gateway/internal/gateway/auth.go:229.3,229.35 1 0
github.com/backsaas/platform/services/gateway/internal/gateway/auth.go:232.2,232.56 1 0
github.com/backsaas/platform/services/gateway/internal/gateway/auth.go:232.56,234.32 2 0
github.com/backsaas/platform/services/gateway/internal/gateway/auth.go:234.32,236.4 1 0
github.com/backsaas/platform/services/gateway/internal/gateway/auth.go:237.3,237.37 1 0
github.com/backsaas/platform/services/gateway/internal/gateway/auth.go:241.2,241.29 1 0
github.com/backsaas/platform/services/gateway/internal/gateway/auth.go:245.129,258.2 3 0
github.com/backsaas/platform/services/gateway/internal/gateway/config.go:132.76,137.22 2 1
github.com/backsaas/platform/services/gateway/internal/gateway/config.go:137.22,138.48 1 0
github.com/backsaas/platform/services/gateway/internal/gateway/config.go:138.48,140.18 2 0
github.com/backsaas/platform/services/gateway/internal/gateway/config.go:140.18,142.5 1 0
github.com/backsaas/platform/services/gateway/internal/gateway/config.go:144.4,145.60 2 0
github.com/backsaas/platform/services/gateway/internal/gateway/config.go:145.60,147.5 1 0
github.com/backsaas/platform/services/gateway/internal/gateway/config.go:150.4,150.38 1 0
github.com/backsaas/platform/services/gateway/internal/gateway/config.go:155.2,158.48 2 1
github.com/backsaas/platform/services/gateway/internal/gateway/config.go:158.48,160.3 1 1
github.com/backsaas/platform/services/gateway/internal/gateway/config.go:162.2,162.21 1 1
github.com/backsaas/platform/services/gateway/internal/gateway/config.go:166.42,167.21 1 1
github.com/backsaas/platform/services/gateway/internal/gateway/config.go:167.21,169.3 1 1
github.com/backsaas/platform/services/gateway/internal/gateway/config.go:170.2,170.25 1 1
github.com/backsaas/platform/services/gateway/internal/gateway/config.go:170.25,172.3 1 0
github.com/backsaas/platform/services/gateway/internal/gateway/config.go:173.2,173.28 1 1
github.com/backsaas/platform/services/gateway/internal/gateway/config.go:173.28,175.3 1 1
github.com/backsaas/platform/services/gateway/internal/gateway/config.go:178.2,182.26 5 1
github.com/backsaas/platform/services/gateway/internal/gateway/config.go:186.34,188.34 1 1
github.com/backsaas/platform/services/gateway/internal/gateway/config.go:188.34,190.3 1 1
github.com/backsaas/platform/services/gateway/internal/gateway/config.go:193.2,193.41 1 1
github.com/backsaas/platform/services/gateway/internal/gateway/config.go:193.41,195.3 1 1
github.com/backsaas/platform/services/gateway/internal/gateway/config.go:196.2,196.40 1 1
github.com/backsaas/platform/services/gateway/internal/gateway/config.go:196.40,198.3 1 1
github.com/backsaas/platform/services/gateway/internal/gateway/config.go:199.2,199.38 1 1
github.com/backsaas/platform/services/gateway/internal/gateway/config.go:199.38,201.3 1 1
github.com/backsaas/platform/services/gateway/internal/gateway/config.go:202.2,202.39 1 1
github.com/backsaas/platform/services/gateway/internal/gateway/config.go:202.39,204.3 1 1
github.com/backsaas/platform/services/gateway/internal/gateway/config.go:207.2,207.65 1 1
github.com/backsaas/platform/services/gateway/internal/gateway/config.go:207.65,209.3 1 0
github.com/backsaas/platform/services/gateway/internal/gateway/config.go:210.2,210.65 1 1
github.com/backsaas/platform/services/gateway/internal/gateway/config.go:210.65,212.3 1 0
github.com/backsaas/platform/services/gateway/internal/gateway/config.go:215.2,215.31 1 1
github.com/backsaas/platform/services/gateway/internal/gateway/config.go:215.31,216.44 1 0
github.com/backsaas/platform/services/gateway/internal/gateway/config.go:216.44,218.4 1 0
github.com/backsaas/platform/services/gateway/internal/gateway/config.go:219.3,219.47 1 0
github.com/backsaas/platform/services/gateway/internal/gateway/config.go:219.47,221.4 1 0
github.com/backsaas/platform/services/gateway/internal/gateway/config.go:222.3,222.53 1 0
github.com/backsaas/platform/services/gateway/internal/gateway/config.go:222.53,224.4 1 0
github.com/backsaas/platform/services/gateway/internal/gateway/config.go:229.43,230.23 1 1
github.com/backsaas/platform/services/gateway/internal/gateway/config.go:230.23,232.3 1 1
github.com/backsaas/platform/services/gateway/internal/gateway/config.go:234.2,234.28 1 1
github.com/backsaas/platform/services/gateway/internal/gateway/config.go:234.28,236.3 1 0
github.com/backsaas/platform/services/gateway/internal/gateway/config.go:239.2,239.38 1 1
github.com/backsaas/platform/services/gateway/internal/gateway/config.go:239.38,240.62 1 0
github.com/backsaas/platform/services/gateway/internal/gateway/config.go:240.62,242.4 1 0
github.com/backsaas/platform/services/gateway/internal/gateway/config.go:244.3,244.73 1 0
github.com/backsaas/platform/services/gateway/internal/gateway/config.go:244.73,246.4 1 0
github.com/backsaas/platform/services/gateway/internal/gateway/config.go:249.2,249.12 1 1
github.com/backsaas/platform/services/gateway/internal/gateway/gateway.go:31.51,34.16 2 1
github.com/backsaas/platform/services/gateway/internal/gateway/gateway.go:34.16,36.3 1 0
github.com/backsaas/platform/services/gateway/internal/gateway/gateway.go:39.2,40.16 2 1
github.com/backsaas/platform/services/gateway/internal/gateway/gateway.go:40.16,42.3 1 1
github.com/backsaas/platform/services/gateway/internal/gateway/gateway.go:45.2,51.55 2 0
github.com/backsaas/platform/services/gateway/internal/gateway/gateway.go:51.55,53.3 1 0
github.com/backsaas/platform/services/gateway/internal/gateway/gateway.go:56.2,56.46 1 0
github.com/backsaas/platform/services/gateway/internal/gateway/gateway.go:56.46,58.3 1 0
github.com/backsaas/platform/services/gateway/internal/gateway/gateway.go:60.2,60.21 1 0
github.com/backsaas/platform/services/gateway/internal/gateway/gateway.go:64.48,69.16 3 0
github.com/backsaas/platform/services/gateway/internal/gateway/gateway.go:69.16,71.3 1 0
github.com/backsaas/platform/services/gateway/internal/gateway/gateway.go:74.2,75.16 2 0
github.com/backsaas/platform/services/gateway/internal/gateway/gateway.go:75.16,77.3 1 0
github.com/backsaas/platform/services/gateway/internal/gateway/gateway.go:80.2,81.16 2 0
github.com/backsaas/platform/services/gateway/internal/gateway/gateway.go:81.16,83.3 1 0
github.com/backsaas/platform/services/gateway/internal/gateway/gateway.go:86.2,87.16 2 0
github.com/backsaas/platform/services/gateway/internal/gateway/gateway.go:87.16,89.3 1 0
github.com/backsaas/platform/services/gateway/internal/gateway/gateway.go:92.2,93.16 2 0
github.com/backsaas/platform/services/gateway/internal/gateway/gateway.go:93.16,95.3 1 0
github.com/backsaas/platform/services/gateway/internal/gateway/gateway.go:97.2,97.12 1 0
github.com/backsaas/platform/services/gateway/internal/gateway/gateway.go:101.39,103.42 1 0
github.com/backsaas/platform/services/gateway/internal/gateway/gateway.go:103.42,105.3 1 0
github.com/backsaas/platform/services/gateway/internal/gateway/gateway.go:107.2,117.27 5 0
github.com/backsaas/platform/services/gateway/internal/gateway/gateway.go:117.27,119.3 1 0
github.com/backsaas/platform/services/gateway/internal/gateway/gateway.go:122.2,125.33 2 0
github.com/backsaas/platform/services/gateway/internal/gateway/gateway.go:125.33,127.3 1 0
github.com/backsaas/platform/services/gateway/internal/gateway/gateway.go:130.2,132.12 2 0
github.com/backsaas/platform/services/gateway/internal/gateway/gateway.go:136.50,137.30 1 0
github.com/backsaas/platform/services/gateway/internal/gateway/gateway.go:137.30,140.17 2 0
github.com/backsaas/platform/services/gateway/internal/gateway/gateway.go:140.17,146.4 2 0
github.com/backsaas/platform/services/gateway/internal/gateway/gateway.go:149.3,155.42 3 0
github.com/backsaas/platform/services/gateway/internal/gateway/gateway.go:155.42,157.21 2 0
github.com/backsaas/platform/services/gateway/internal/gateway/gateway.go:157.21,159.5 1 0
github.com/backsaas/platform/services/gateway/internal/gateway/gateway.go:163.3,163.33 1 0
github.com/backsaas/platform/services/gateway/internal/gateway/gateway.go:168.78,173.28 3 0
github.com/backsaas/platform/services/gateway/internal/gateway/gateway.go:173.28,175.3 1 0
github.com/backsaas/platform/services/gateway/internal/gateway/gateway.go:176.2,176.29 1 0
github.com/backsaas/platform/services/gateway/internal/gateway/gateway.go:176.29,178.3 1 0
github.com/backsaas/platform/services/gateway/internal/gateway/gateway.go:181.2,182.23 2 0
github.com/backsaas/platform/services/gateway/internal/gateway/gateway.go:182.23,184.3 1 0
github.com/backsaas/platform/services/gateway/internal/gateway/gateway.go:185.2,185.24 1 0
github.com/backsaas/platform/services/gateway/internal/gateway/gateway.go:185.24,187.3 1 0
github.com/backsaas/platform/services/gateway/internal/gateway/gateway.go:190.2,190.28 1 0
github.com/backsaas/platform/services/gateway/internal/gateway/gateway.go:190.28,192.3 1 0
github.com/backsaas/platform/services/gateway/internal/gateway/gateway.go:194.2,194.20 1 0
github.com/backsaas/platform/services/gateway/internal/gateway/gateway.go:198.80,199.30 1 0
github.com/backsaas/platform/services/gateway/internal/gateway/gateway.go:199.30,201.48 1 0
github.com/backsaas/platform/services/gateway/internal/gateway/gateway.go:201.48,203.4 1 0
github.com/backsaas/platform/services/gateway/internal/gateway/gateway.go:206.3,206.50 1 0
github.com/backsaas/platform/services/gateway/internal/gateway/gateway.go:206.50,208.4 1 0
github.com/backsaas/platform/services/gateway/internal/gateway/gateway.go:211.3,211.34 1 0
github.com/backsaas/platform/services/gateway/internal/gateway/gateway.go:211.34,213.4 1 0
github.com/backsaas/platform/services/gateway/internal/gateway/gateway.go:215.3,218.56 2 0
github.com/backsaas/platform/services/gateway/internal/gateway/gateway.go:218.56,220.4 1 0
github.com/backsaas/platform/services/gateway/internal/gateway/gateway.go:222.3,222.58 1 0
github.com/backsaas/platform/services/gateway/internal/gateway/gateway.go:222.58,224.4 1 0
github.com/backsaas/platform/services/gateway/internal/gateway/gateway.go:229.52,230.30 1 1
github.com/backsaas/platform/services/gateway/internal/gateway/gateway.go:230.30,234.35 2 0
github.com/backsaas/platform/services/gateway/internal/gateway/gateway.go:234.35,236.54 2 0
github.com/backsaas/platform/services/gateway/internal/gateway/gateway.go:236.54,237.56 1 0
github.com/backsaas/platform/services/gateway/internal/gateway/gateway.go:237.56,239.11 2 0
github.com/backsaas/platform/services/gateway/internal/gateway/gateway.go:244.3,244.35 1 0
github.com/backsaas/platform/services/gateway/internal/gateway/gateway.go:244.35,246.4 1 0
github.com/backsaas/platform/services/gateway/internal/gateway/gateway.go:248.3,248.35 1 0
github.com/backsaas/platform/services/gateway/internal/gateway/gateway.go:248.35,250.4 1 0
github.com/backsaas/platform/services/gateway/internal/gateway/gateway.go:252.3,252.35 1 0
github.com/backsaas/platform/services/gateway/internal/gateway/gateway.go:252.35,254.4 1 0
github.com/backsaas/platform/services/gateway/internal/gateway/gateway.go:256.3,256.28 1 0
github.com/backsaas/platform/services/gateway/internal/gateway/gateway.go:256.28,258.4 1 0
github.com/backsaas/platform/services/gateway/internal/gateway/gateway.go:260.3,260.22 1 0
github.com/backsaas/platform/services/gateway/internal/gateway/gateway.go:260.22,262.4 1 0
github.com/backsaas/platform/services/gateway/internal/gateway/gateway.go:265.3,265.36 1 0
github.com/backsaas/platform/services/gateway/internal/gateway/gateway.go:265.36,268.4 2 0
github.com/backsaas/platform/services/gateway/internal/gateway/gateway.go:270.3,270.11 1 0
github.com/backsaas/platform/services/gateway/internal/gateway/gateway.go:275.47,281.26 4 1
github.com/backsaas/platform/services/gateway/internal/gateway/gateway.go:281.26,282.55 1 0
github.com/backsaas/platform/services/gateway/internal/gateway/gateway.go:282.55,284.4 1 0
github.com/backsaas/platform/services/gateway/internal/gateway/gateway.go:285.8,287.3 1 1
github.com/backsaas/platform/services/gateway/internal/gateway/gateway.go:290.2,294.75 4 1
github.com/backsaas/platform/services/gateway/internal/gateway/gateway.go:294.75,297.3 2 1
github.com/backsaas/platform/services/gateway/internal/gateway/gateway.go:299.2,308.4 1 1
github.com/backsaas/platform/services/gateway/internal/gateway/gateway.go:312.46,316.40 3 1
github.com/backsaas/platform/services/gateway/internal/gateway/gateway.go:316.40,317.21 1 0
github.com/backsaas/platform/services/gateway/internal/gateway/gateway.go:317.21,318.12 1 0
github.com/backsaas/platform/services/gateway/internal/gateway/gateway.go:322.3,322.30 1 0
github.com/backsaas/platform/services/gateway/internal/gateway/gateway.go:322.30,323.76 1 0
github.com/backsaas/platform/services/gateway/internal/gateway/gateway.go:323.76,325.5 1 0
github.com/backsaas/platform/services/gateway/internal/gateway/gateway.go:325.10,327.5 1 0
github.com/backsaas/platform/services/gateway/internal/gateway/gateway.go:331.3,331.42 1 0
github.com/backsaas/platform/services/gateway/internal/gateway/gateway.go:331.42,332.62 1 0
github.com/backsaas/platform/services/gateway/internal/gateway/gateway.go:332.62,334.5 1 0
github.com/backsaas/platform/services/gateway/internal/gateway/gateway.go:334.10,336.5 1 0
github.com/backsaas/platform/services/gateway/internal/gateway/gateway.go:340.2,343.3 1 1
github.com/backsaas/platform/services/gateway/internal/gateway/gateway.go:347.69,350.16 3 1
github.com/backsaas/platform/services/gateway/internal/gateway/gateway.go:350.16,352.3 1 1
github.com/backsaas/platform/services/gateway/internal/gateway/gateway.go:353.2,355.56 2 1
github.com/backsaas/platform/services/gateway/internal/gateway/gateway.go:359.33,364.2 3 0
github.com/backsaas/platform/services/gateway/internal/gateway/gateway.go:367.55,371.26 2 0
github.com/backsaas/platform/services/gateway/internal/gateway/gateway.go:371.26,373.3 1 0
github.com/backsaas/platform/services/gateway/internal/gateway/gateway.go:375.2,375.12 1 0
github.com/backsaas/platform/services/gateway/internal/gateway/gateway.go:379.57,381.16 2 1
github.com/backsaas/platform/services/gateway/internal/gateway/gateway.go:381.16,383.3 1 0
github.com/backsaas/platform/services/gateway/internal/gateway/gateway.go:385.2,391.47 4 1
github.com/backsaas/platform/services/gateway/internal/gateway/gateway.go:391.47,393.3 1 1
github.com/backsaas/platform/services/gateway/internal/gateway/gateway.go:395.2,395.20 1 0
github.com/backsaas/platform/services/gateway/internal/gateway/gateway.go:399.52,400.20 1 0
github.com/backsaas/platform/services/gateway/internal/gateway/gateway.go:400.20,402.3 1 0
github.com/backsaas/platform/services/gateway/internal/gateway/gateway.go:403.2,403.20 1 0
github.com/backsaas/platform/services/gateway/internal/gateway/gateway.go:403.20,405.3 1 0
github.com/backsaas/platform/services/gateway/internal/gateway/gateway.go:407.2,408.33 2 0
github.com/backsaas/platform/services/gateway/internal/gateway/gateway.go:408.33,410.3 1 0
github.com/backsaas/platform/services/gateway/internal/gateway/gateway.go:411.2,411.15 1 0
github.com/backsaas/platform/services/gateway/internal/gateway/monitoring.go:51.87,66.2 1 0
github.com/backsaas/platform/services/gateway/internal/gateway/monitoring.go:69.64,70.30 1 0
github.com/backsaas/platform/services/gateway/internal/gateway/monitoring.go:70.30,71.28 1 0
github.com/backsaas/platform/services/gateway/internal/gateway/monitoring.go:71.28,74.4 2 0
github.com/backsaas/platform/services/gateway/internal/gateway/monitoring.go:76.3,94.46 11 0
github.com/backsaas/platform/services/gateway/internal/gateway/monitoring.go:94.46,96.4 1 0
github.com/backsaas/platform/services/gateway/internal/gateway/monitoring.go:97.3,97.48 1 0
github.com/backsaas/platform/services/gateway/internal/gateway/monitoring.go:97.48,99.4 1 0
github.com/backsaas/platform/services/gateway/internal/gateway/monitoring.go:102.3,103.46 2 0
github.com/backsaas/platform/services/gateway/internal/gateway/monitoring.go:103.46,105.4 1 0
github.com/backsaas/platform/services/gateway/internal/gateway/monitoring.go:108.3,124.24 2 0
github.com/backsaas/platform/services/gateway/internal/gateway/monitoring.go:124.24,126.4 1 0
github.com/backsaas/platform/services/gateway/internal/gateway/monitoring.go:129.3,129.35 1 0
github.com/backsaas/platform/services/gateway/internal/gateway/monitoring.go:129.35,131.4 1 0
github.com/backsaas/platform/services/gateway/internal/gateway/monitoring.go:131.9,133.4 1 0
github.com/backsaas/platform/services/gateway/internal/gateway/monitoring.go:136.3,136.67 1 0
github.com/backsaas/platform/services/gateway/internal/gateway/monitoring.go:141.58,142.30 1 0
github.com/backsaas/platform/services/gateway/internal/gateway/monitoring.go:142.30,152.48 6 0
github.com/backsaas/platform/services/gateway/internal/gateway/monitoring.go:152.48,154.4 1 0
github.com/backsaas/platform/services/gateway/internal/gateway/monitoring.go:156.3,157.46 2 0
github.com/backsaas/platform/services/gateway/internal/gateway/monitoring.go:157.46,159.4 1 0
github.com/backsaas/platform/services/gateway/internal/gateway/monitoring.go:161.3,161.67 1 0
github.com/backsaas/platform/services/gateway/internal/gateway/monitoring.go:166.65,167.30 1 0
github.com/backsaas/platform/services/gateway/internal/gateway/monitoring.go:167.30,207.3 6 0
github.com/backsaas/platform/services/gateway/internal/gateway/monitoring.go:211.109,220.17 6 0
github.com/backsaas/platform/services/gateway/internal/gateway/monitoring.go:220.17,222.3 1 0
github.com/backsaas/platform/services/gateway/internal/gateway/monitoring.go:224.2,224.20 1 0
github.com/backsaas/platform/services/gateway/internal/gateway/monitoring.go:224.20,226.3 1 0
github.com/backsaas/platform/services/gateway/internal/gateway/monitoring.go:229.2,232.41 2 0
github.com/backsaas/platform/services/gateway/internal/gateway/monitoring.go:232.41,234.3 1 0
github.com/backsaas/platform/services/gateway/internal/gateway/monitoring.go:237.2,237.23 1 0
github.com/backsaas/platform/services/gateway/internal/gateway/monitoring.go:237.23,241.24 3 0
github.com/backsaas/platform/services/gateway/internal/gateway/monitoring.go:241.24,243.4 1 0
github.com/backsaas/platform/services/gateway/internal/gateway/monitoring.go:244.3,244.38 1 0
github.com/backsaas/platform/services/gateway/internal/gateway/monitoring.go:249.68,254.20 4 0
github.com/backsaas/platform/services/gateway/internal/gateway/monitoring.go:254.20,256.3 1 0
github.com/backsaas/platform/services/gateway/internal/gateway/monitoring.go:260.109,267.14 5 0
github.com/backsaas/platform/services/gateway/internal/gateway/monitoring.go:267.14,269.3 1 0
github.com/backsaas/platform/services/gateway/internal/gateway/monitoring.go:273.77,274.39 1 0
github.com/backsaas/platform/services/gateway/internal/gateway/monitoring.go:274.39,276.3 1 0
github.com/backsaas/platform/services/gateway/internal/gateway/monitoring.go:278.2,279.45 2 0
github.com/backsaas/platform/services/gateway/internal/gateway/monitoring.go:279.45,281.3 1 0
github.com/backsaas/platform/services/gateway/internal/gateway/monitoring.go:283.2,283.60 1 0
github.com/backsaas/platform/services/gateway/internal/gateway/monitoring.go:287.78,289.64 2 0
github.com/backsaas/platform/services/gateway/internal/gateway/monitoring.go:289.64,291.3 1 0
github.com/backsaas/platform/services/gateway/internal/gateway/monitoring.go:292.2,292.18 1 0
github.com/backsaas/platform/services/gateway/internal/gateway/monitoring.go:296.70,299.2 1 0
github.com/backsaas/platform/services/gateway/internal/gateway/monitoring.go:302.70,312.2 1 0
github.com/backsaas/platform/services/gateway/internal/gateway/monitoring.go:315.54,337.47 4 0
github.com/backsaas/platform/services/gateway/internal/gateway/monitoring.go:337.47,339.3 1 0
github.com/backsaas/platform/services/gateway/internal/gateway/monitoring.go:340.2,340.46 1 0
github.com/backsaas/platform/services/gateway/internal/gateway/monitoring.go:340.46,342.3 1 0
github.com/backsaas/platform/services/gateway/internal/gateway/monitoring.go:343.2,343.47 1 0
github.com/backsaas/platform/services/gateway/internal/gateway/monitoring.go:343.47,345.3 1 0
github.com/backsaas/platform/services/gateway/internal/gateway/monitoring.go:346.2,346.43 1 0
github.com/backsaas/platform/services/gateway/internal/gateway/monitoring.go:346.43,348.3 1 0
github.com/backsaas/platform/services/gateway/internal/gateway/monitoring.go:349.2,349.48 1 0
github.com/backsaas/platform/services/gateway/internal/gateway/monitoring.go:349.48,351.3 1 0
github.com/backsaas/platform/services/gateway/internal/gateway/monitoring.go:352.2,352.46 1 0
github.com/backsaas/platform/services/gateway/internal/gateway/monitoring.go:352.46,354.3 1 0
github.com/backsaas/platform/services/gateway/internal/gateway/monitoring.go:355.2,355.44 1 0
github.com/backsaas/platform/services/gateway/internal/gateway/monitoring.go:355.44,357.3 1 0
github.com/backsaas/platform/services/gateway/internal/gateway/monitoring.go:358.2,358.51 1 0
github.com/backsaas/platform/services/gateway/internal/gateway/monitoring.go:358.51,360.3 1 0
github.com/backsaas/platform/services/gateway/internal/gateway/monitoring.go:362.2,362.20 1 0
github.com/backsaas/platform/services/gateway/internal/gateway/monitoring.go:366.47,383.2 15 0
github.com/backsaas/platform/services/gateway/internal/gateway/proxy.go:21.53,32.2 1 0
github.com/backsaas/platform/services/gateway/internal/gateway/proxy.go:35.76,41.16 3 0
github.com/backsaas/platform/services/gateway/internal/gateway/proxy.go:41.16,46.3 2 0
github.com/backsaas/platform/services/gateway/internal/gateway/proxy.go:49.2,53.43 3 0
github.com/backsaas/platform/services/gateway/internal/gateway/proxy.go:53.43,56.3 2 0
github.com/backsaas/platform/services/gateway/internal/gateway/proxy.go:59.2,59.81 1 0
github.com/backsaas/platform/services/gateway/internal/gateway/proxy.go:59.81,61.3 1 0
github.com/backsaas/platform/services/gateway/internal/gateway/proxy.go:64.2,64.57 1 0
github.com/backsaas/platform/services/gateway/internal/gateway/proxy.go:64.57,66.3 1 0
github.com/backsaas/platform/services/gateway/internal/gateway/proxy.go:69.2,69.31 1 0
github.com/backsaas/platform/services/gateway/internal/gateway/proxy.go:69.31,71.3 1 0
github.com/backsaas/platform/services/gateway/internal/gateway/proxy.go:74.2,74.38 1 0
github.com/backsaas/platform/services/gateway/internal/gateway/proxy.go:78.71,80.61 1 0
github.com/backsaas/platform/services/gateway/internal/gateway/proxy.go:80.61,82.3 1 0
github.com/backsaas/platform/services/gateway/internal/gateway/proxy.go:85.2,86.29 2 0
github.com/backsaas/platform/services/gateway/internal/gateway/proxy.go:86.29,88.3 1 0
github.com/backsaas/platform/services/gateway/internal/gateway/proxy.go:90.2,90.20 1 0
github.com/backsaas/platform/services/gateway/internal/gateway/proxy.go:90.20,92.3 1 0
github.com/backsaas/platform/services/gateway/internal/gateway/proxy.go:96.2,97.20 2 0
github.com/backsaas/platform/services/gateway/internal/gateway/proxy.go:101.96,108.48 4 0
github.com/backsaas/platform/services/gateway/internal/gateway/proxy.go:108.48,110.3 1 0
github.com/backsaas/platform/services/gateway/internal/gateway/proxy.go:112.2,112.52 1 0
github.com/backsaas/platform/services/gateway/internal/gateway/proxy.go:112.52,114.3 1 0
github.com/backsaas/platform/services/gateway/internal/gateway/proxy.go:116.2,116.54 1 0
github.com/backsaas/platform/services/gateway/internal/gateway/proxy.go:116.54,119.3 2 0
github.com/backsaas/platform/services/gateway/internal/gateway/proxy.go:122.2,122.63 1 0
github.com/backsaas/platform/services/gateway/internal/gateway/proxy.go:122.63,124.3 1 0
github.com/backsaas/platform/services/gateway/internal/gateway/proxy.go:124.8,129.3 3 0
github.com/backsaas/platform/services/gateway/internal/gateway/proxy.go:132.2,132.37 1 0
github.com/backsaas/platform/services/gateway/internal/gateway/proxy.go:139.105,156.2 8 0
github.com/backsaas/platform/services/gateway/internal/gateway/proxy.go:159.91,167.46 4 0
github.com/backsaas/platform/services/gateway/internal/gateway/proxy.go:167.46,170.3 2 0
github.com/backsaas/platform/services/gateway/internal/gateway/proxy.go:170.8,170.64 1 0
github.com/backsaas/platform/services/gateway/internal/gateway/proxy.go:170.64,173.3 2 0
github.com/backsaas/platform/services/gateway/internal/gateway/proxy.go:173.8,176.3 2 0
github.com/backsaas/platform/services/gateway/internal/gateway/proxy.go:179.2,179.31 1 0
github.com/backsaas/platform/services/gateway/internal/gateway/proxy.go:179.32,182.3 0 0
github.com/backsaas/platform/services/gateway/internal/gateway/proxy.go:184.2,188.4 1 0
github.com/backsaas/platform/services/gateway/internal/gateway/proxy.go:192.75,196.2 1 0
github.com/backsaas/platform/services/gateway/internal/gateway/proxy.go:199.70,211.41 2 0
github.com/backsaas/platform/services/gateway/internal/gateway/proxy.go:211.41,213.3 1 0
github.com/backsaas/platform/services/gateway/internal/gateway/proxy.go:217.60,218.26 1 0
github.com/backsaas/platform/services/gateway/internal/gateway/proxy.go:218.26,220.3 1 0
github.com/backsaas/platform/services/gateway/internal/gateway/proxy.go:223.2,223.60 1 0
github.com/backsaas/platform/services/gateway/internal/gateway/proxy.go:223.60,225.3 1 0
github.com/backsaas/platform/services/gateway/internal/gateway/proxy.go:227.2,227.15 1 0
github.com/backsaas/platform/services/gateway/internal/gateway/proxy.go:231.54,235.2 1 0
github.com/backsaas/platform/services/gateway/internal/gateway/proxy.go:238.83,242.16 3 0
github.com/backsaas/platform/services/gateway/internal/gateway/proxy.go:242.16,244.3 1 0
github.com/backsaas/platform/services/gateway/internal/gateway/proxy.go:245.2,247.53 2 0
github.com/backsaas/platform/services/gateway/internal/gateway/proxy.go:247.53,250.3 2 0
github.com/backsaas/platform/services/gateway/internal/gateway/proxy.go:252.2,252.12 1 0
github.com/backsaas/platform/services/gateway/internal/gateway/proxy.go:256.78,262.2 1 0
github.com/backsaas/platform/services/gateway/internal/gateway/ratelimit.go:22.111,27.2 1 0
github.com/backsaas/platform/services/gateway/internal/gateway/ratelimit.go:30.80,31.30 1 0
github.com/backsaas/platform/services/gateway/internal/gateway/ratelimit.go:31.30,32.22 1 0
github.com/backsaas/platform/services/gateway/internal/gateway/ratelimit.go:32.22,35.4 2 0
github.com/backsaas/platform/services/gateway/internal/gateway/ratelimit.go:38.3,45.17 4 0
github.com/backsaas/platform/services/gateway/internal/gateway/ratelimit.go:45.17,48.16 2 0
github.com/backsaas/platform/services/gateway/internal/gateway/ratelimit.go:48.16,51.5 2 0
github.com/backsaas/platform/services/gateway/internal/gateway/ratelimit.go:52.9,58.16 4 0
github.com/backsaas/platform/services/gateway/internal/gateway/ratelimit.go:58.16,61.5 2 0
github.com/backsaas/platform/services/gateway/internal/gateway/ratelimit.go:64.3,64.11 1 0
github.com/backsaas/platform/services/gateway/internal/gateway/ratelimit.go:69.91,70.28 1 0
github.com/backsaas/platform/services/gateway/internal/gateway/ratelimit.go:71.12,72.40 1 0
github.com/backsaas/platform/services/gateway/internal/gateway/ratelimit.go:73.14,74.49 1 0
github.com/backsaas/platform/services/gateway/internal/gateway/ratelimit.go:74.49,76.4 1 0
github.com/backsaas/platform/services/gateway/internal/gateway/ratelimit.go:78.3,78.40 1 0
github.com/backsaas/platform/services/gateway/internal/gateway/ratelimit.go:79.16,80.53 1 0
github.com/backsaas/platform/services/gateway/internal/gateway/ratelimit.go:80.53,82.4 1 0
github.com/backsaas/platform/services/gateway/internal/gateway/ratelimit.go:84.3,84.40 1 0
github.com/backsaas/platform/services/gateway/internal/gateway/ratelimit.go:85.16,86.29 1 0
github.com/backsaas/platform/services/gateway/internal/gateway/ratelimit.go:86.29,88.71 1 0
github.com/backsaas/platform/services/gateway/internal/gateway/ratelimit.go:88.71,90.5 1 0
github.com/backsaas/platform/services/gateway/internal/gateway/ratelimit.go:91.4,91.67 1 0
github.com/backsaas/platform/services/gateway/internal/gateway/ratelimit.go:91.67,93.5 1 0
github.com/backsaas/platform/services/gateway/internal/gateway/ratelimit.go:96.3,96.40 1 0
github.com/backsaas/platform/services/gateway/internal/gateway/ratelimit.go:97.10,98.40 1 0
github.com/backsaas/platform/services/gateway/internal/gateway/ratelimit.go:103.97,105.54 1 0
github.com/backsaas/platform/services/gateway/internal/gateway/ratelimit.go:105.54,107.30 2 0
github.com/backsaas/platform/services/gateway/internal/gateway/ratelimit.go:107.30,108.44 1 0
github.com/backsaas/platform/services/gateway/internal/gateway/ratelimit.go:108.44,110.5 1 0
github.com/backsaas/platform/services/gateway/internal/gateway/ratelimit.go:115.2,115.52 1 0
github.com/backsaas/platform/services/gateway/internal/gateway/ratelimit.go:115.52,116.56 1 0
github.com/backsaas/platform/services/gateway/internal/gateway/ratelimit.go:116.56,118.4 1 0
github.com/backsaas/platform/services/gateway/internal/gateway/ratelimit.go:122.2,125.3 1 0
github.com/backsaas/platform/services/gateway/internal/gateway/ratelimit.go:129.122,153.16 10 0
github.com/backsaas/platform/services/gateway/internal/gateway/ratelimit.go:153.16,155.3 1 0
github.com/backsaas/platform/services/gateway/internal/gateway/ratelimit.go:158.2,163.19 4 0
github.com/backsaas/platform/services/gateway/internal/gateway/ratelimit.go:163.19,165.3 1 0
github.com/backsaas/platform/services/gateway/internal/gateway/ratelimit.go:167.2,169.43 2 0
github.com/backsaas/platform/services/gateway/internal/gateway/ratelimit.go:173.105,176.13 2 0
github.com/backsaas/platform/services/gateway/internal/gateway/ratelimit.go:176.13,181.3 3 0
github.com/backsaas/platform/services/gateway/internal/gateway/ratelimit.go:183.2,183.24 1 0
github.com/backsaas/platform/services/gateway/internal/gateway/ratelimit.go:187.112,199.2 6 0
github.com/backsaas/platform/services/gateway/internal/gateway/ratelimit.go:202.49,206.2 1 0
github.com/backsaas/platform/services/gateway/internal/gateway/routing.go:19.67,26.31 2 1
github.com/backsaas/platform/services/gateway/internal/gateway/routing.go:26.31,27.72 1 1
github.com/backsaas/platform/services/gateway/internal/gateway/routing.go:27.72,31.18 3 1
github.com/backsaas/platform/services/gateway/internal/gateway/routing.go:31.18,33.5 1 0
github.com/backsaas/platform/services/gateway/internal/gateway/routing.go:34.4,34.35 1 1
github.com/backsaas/platform/services/gateway/internal/gateway/routing.go:38.2,38.21 1 1
github.com/backsaas/platform/services/gateway/internal/gateway/routing.go:42.72,46.34 3 1
github.com/backsaas/platform/services/gateway/internal/gateway/routing.go:46.34,47.21 1 1
github.com/backsaas/platform/services/gateway/internal/gateway/routing.go:47.21,48.12 1 1
github.com/backsaas/platform/services/gateway/internal/gateway/routing.go:51.3,52.24 2 1
github.com/backsaas/platform/services/gateway/internal/gateway/routing.go:52.24,55.4 2 1
github.com/backsaas/platform/services/gateway/internal/gateway/routing.go:58.2,58.22 1 1
github.com/backsaas/platform/services/gateway/internal/gateway/routing.go:58.22,60.3 1 1
github.com/backsaas/platform/services/gateway/internal/gateway/routing.go:62.2,62.23 1 1
github.com/backsaas/platform/services/gateway/internal/gateway/routing.go:66.104,70.22 2 1
github.com/backsaas/platform/services/gateway/internal/gateway/routing.go:70.22,71.41 1 1
github.com/backsaas/platform/services/gateway/internal/gateway/routing.go:71.41,73.4 1 1
github.com/backsaas/platform/services/gateway/internal/gateway/routing.go:73.9,75.4 1 0
github.com/backsaas/platform/services/gateway/internal/gateway/routing.go:79.2,79.26 1 1
github.com/backsaas/platform/services/gateway/internal/gateway/routing.go:79.26,81.33 2 0
github.com/backsaas/platform/services/gateway/internal/gateway/routing.go:81.33,83.4 1 0
github.com/backsaas/platform/services/gateway/internal/gateway/routing.go:83.9,85.4 1 0
github.com/backsaas/platform/services/gateway/internal/gateway/routing.go:89.2,89.28 1 1
github.com/backsaas/platform/services/gateway/internal/gateway/routing.go:89.28,90.63 1 1
github.com/backsaas/platform/services/gateway/internal/gateway/routing.go:90.63,93.4 1 1
github.com/backsaas/platform/services/gateway/internal/gateway/routing.go:93.9,95.4 1 1
github.com/backsaas/platform/services/gateway/internal/gateway/routing.go:99.2,100.55 2 1
github.com/backsaas/platform/services/gateway/internal/gateway/routing.go:100.55,102.54 2 0
github.com/backsaas/platform/services/gateway/internal/gateway/routing.go:102.54,105.4 2 0
github.com/backsaas/platform/services/gateway/internal/gateway/routing.go:105.9,107.4 1 0
github.com/backsaas/platform/services/gateway/internal/gateway/routing.go:111.2,111.64 1 1
github.com/backsaas/platform/services/gateway/internal/gateway/routing.go:111.64,113.3 1 0
github.com/backsaas/platform/services/gateway/internal/gateway/routing.go:115.2,115.14 1 1
github.com/backsaas/platform/services/gateway/internal/gateway/routing.go:119.71,121.69 1 1
github.com/backsaas/platform/services/gateway/internal/gateway/routing.go:121.69,123.3 1 1
github.com/backsaas/platform/services/gateway/internal/gateway/routing.go:126.2,126.30 1 1
github.com/backsaas/platform/services/gateway/internal/gateway/routing.go:126.30,128.3 1 1
github.com/backsaas/platform/services/gateway/internal/gateway/routing.go:131.2,131.40 1 1
github.com/backsaas/platform/services/gateway/internal/gateway/routing.go:131.40,135.28 2 1
github.com/backsaas/platform/services/gateway/internal/gateway/routing.go:135.28,137.4 1 1
github.com/backsaas/platform/services/gateway/internal/gateway/routing.go:140.3,140.49 1 1
github.com/backsaas/platform/services/gateway/internal/gateway/routing.go:140.49,145.4 2 1
github.com/backsaas/platform/services/gateway/internal/gateway/routing.go:148.2,148.14 1 1
github.com/backsaas/platform/services/gateway/internal/gateway/routing.go:152.87,154.47 1 1
github.com/backsaas/platform/services/gateway/internal/gateway/routing.go:154.47,156.3 1 1
github.com/backsaas/platform/services/gateway/internal/gateway/routing.go:159.2,159.60 1 1
github.com/backsaas/platform/services/gateway/internal/gateway/routing.go:159.60,161.3 1 1
github.com/backsaas/platform/services/gateway/internal/gateway/routing.go:163.2,163.14 1 1
github.com/backsaas/platform/services/gateway/internal/gateway/routing.go:167.82,169.34 1 0
github.com/backsaas/platform/services/gateway/internal/gateway/routing.go:169.34,171.3 1 0
github.com/backsaas/platform/services/gateway/internal/gateway/routing.go:174.2,174.42 1 0
github.com/backsaas/platform/services/gateway/internal/gateway/routing.go:174.42,176.68 2 0
github.com/backsaas/platform/services/gateway/internal/gateway/routing.go:176.68,178.4 1 0
github.com/backsaas/platform/services/gateway/internal/gateway/routing.go:181.2,181.14 1 0
github.com/backsaas/platform/services/gateway/internal/gateway/routing.go:185.67,187.63 1 1
github.com/backsaas/platform/services/gateway/internal/gateway/routing.go:187.63,189.3 1 1
github.com/backsaas/platform/services/gateway/internal/gateway/routing.go:192.2,193.62 2 1
github.com/backsaas/platform/services/gateway/internal/gateway/routing.go:193.62,195.3 1 0
github.com/backsaas/platform/services/gateway/internal/gateway/routing.go:197.2,198.42 2 1
github.com/backsaas/platform/services/gateway/internal/gateway/routing.go:198.42,200.3 1 1
github.com/backsaas/platform/services/gateway/internal/gateway/routing.go:203.2,204.50 2 1
github.com/backsaas/platform/services/gateway/internal/gateway/routing.go:204.50,206.3 1 1
github.com/backsaas/platform/services/gateway/internal/gateway/routing.go:209.2,209.66 1 1
github.com/backsaas/platform/services/gateway/internal/gateway/routing.go:209.66,211.3 1 1
github.com/backsaas/platform/services/gateway/internal/gateway/routing.go:213.2,213.11 1 1
github.com/backsaas/platform/services/gateway/internal/gateway/routing.go:217.74,220.34 2 1
github.com/backsaas/platform/services/gateway/internal/gateway/routing.go:220.34,221.50 1 1
github.com/backsaas/platform/services/gateway/internal/gateway/routing.go:221.50,223.4 1 1
github.com/backsaas/platform/services/gateway/internal/gateway/routing.go:226.2,226.15 1 1
github.com/backsaas/platform/services/gateway/internal/gateway/routing.go:230.68,233.34 2 0
github.com/backsaas/platform/services/gateway/internal/gateway/routing.go:233.34,234.54 1 0
github.com/backsaas/platform/services/gateway/internal/gateway/routing.go:234.54,236.4 1 0
github.com/backsaas/platform/services/gateway/internal/gateway/routing.go:239.2,239.15 1 0
github.com/backsaas/platform/services/gateway/internal/gateway/routing.go:243.51,247.35 2 1
github.com/backsaas/platform/services/gateway/internal/gateway/routing.go:247.35,248.36 1 1
github.com/backsaas/platform/services/gateway/internal/gateway/routing.go:248.36,249.14 1 1
github.com/backsaas/platform/services/gateway/internal/gateway/routing.go:249.14,250.13 1 1
github.com/backsaas/platform/services/gateway/internal/gateway/routing.go:253.4,253.43 1 1
github.com/backsaas/platform/services/gateway/internal/gateway/routing.go:253.43,258.5 1 1
github.com/backsaas/platform/services/gateway/internal/gateway/routing.go:263.2,263.34 1 1
github.com/backsaas/platform/services/gateway/internal/gateway/routing.go:263.34,264.39 1 1
github.com/backsaas/platform/services/gateway/internal/gateway/routing.go:264.39,269.4 1 0
github.com/backsaas/platform/services/gateway/internal/gateway/routing.go:272.2,272.17 1 1
github.com/backsaas/platform/services/gateway/internal/gateway/routing.go:276.74,278.32 1 1
github.com/backsaas/platform/services/gateway/internal/gateway/routing.go:278.32,280.60 1 1
github.com/backsaas/platform/services/gateway/internal/gateway/routing.go:280.60,282.4 1 1
github.com/backsaas/platform/services/gateway/internal/gateway/routing.go:286.2,286.65 1 0
github.com/backsaas/platform/services/gateway/internal/gateway/routing.go:286.65,288.3 1 0
github.com/backsaas/platform/services/gateway/internal/gateway/routing.go:290.2,290.14 1 0
github.com/backsaas/platform/services/gateway/internal/gateway/routing.go:294.85,296.34 1 1
github.com/backsaas/platform/services/gateway/internal/gateway/routing.go:296.34,298.28 2 1
github.com/backsaas/platform/services/gateway/internal/gateway/routing.go:298.28,299.12 1 0
github.com/backsaas/platform/services/gateway/internal/gateway/routing.go:303.3,303.44 1 1
github.com/backsaas/platform/services/gateway/internal/gateway/routing.go:303.44,305.4 1 0
github.com/backsaas/platform/services/gateway/internal/gateway/routing.go:308.2,308.14 1 1
github.com/backsaas/platform/services/gateway/internal/gateway/routing.go:312.73,314.44 1 1
github.com/backsaas/platform/services/gateway/internal/gateway/routing.go:314.44,317.89 1 0
github.com/backsaas/platform/services/gateway/internal/gateway/routing.go:317.89,319.4 1 0
github.com/backsaas/platform/services/gateway/internal/gateway/routing.go:322.2,322.14 1 1
