mode: set
github.com/backsaas/platform/services/platform-api/cmd/server/main.go:11.13,23.21 3 0
github.com/backsaas/platform/services/platform-api/cmd/server/main.go:23.21,25.3 1 0
github.com/backsaas/platform/services/platform-api/cmd/server/main.go:26.2,26.25 1 0
github.com/backsaas/platform/services/platform-api/cmd/server/main.go:26.25,28.26 2 0
github.com/backsaas/platform/services/platform-api/cmd/server/main.go:28.26,30.4 1 0
github.com/backsaas/platform/services/platform-api/cmd/server/main.go:32.2,32.23 1 0
github.com/backsaas/platform/services/platform-api/cmd/server/main.go:32.23,34.3 1 0
github.com/backsaas/platform/services/platform-api/cmd/server/main.go:35.2,35.24 1 0
github.com/backsaas/platform/services/platform-api/cmd/server/main.go:35.24,37.3 1 0
github.com/backsaas/platform/services/platform-api/cmd/server/main.go:38.2,38.17 1 0
github.com/backsaas/platform/services/platform-api/cmd/server/main.go:38.17,40.18 2 0
github.com/backsaas/platform/services/platform-api/cmd/server/main.go:40.18,42.4 1 0
github.com/backsaas/platform/services/platform-api/cmd/server/main.go:46.2,46.21 1 0
github.com/backsaas/platform/services/platform-api/cmd/server/main.go:46.21,48.3 1 0
github.com/backsaas/platform/services/platform-api/cmd/server/main.go:49.2,49.23 1 0
github.com/backsaas/platform/services/platform-api/cmd/server/main.go:49.23,51.3 1 0
github.com/backsaas/platform/services/platform-api/cmd/server/main.go:52.2,52.24 1 0
github.com/backsaas/platform/services/platform-api/cmd/server/main.go:52.24,54.3 1 0
github.com/backsaas/platform/services/platform-api/cmd/server/main.go:57.2,67.16 3 0
github.com/backsaas/platform/services/platform-api/cmd/server/main.go:67.16,69.3 1 0
github.com/backsaas/platform/services/platform-api/cmd/server/main.go:71.2,77.44 6 0
github.com/backsaas/platform/services/platform-api/cmd/server/main.go:77.44,79.3 1 0
github.com/backsaas/platform/services/platform-api/cmd/test-server/main.go:10.13,28.16 8 0
github.com/backsaas/platform/services/platform-api/cmd/test-server/main.go:28.16,30.3 1 0
github.com/backsaas/platform/services/platform-api/cmd/test-server/main.go:32.2,50.50 18 0
github.com/backsaas/platform/services/platform-api/cmd/test-server/main.go:50.50,52.3 1 0
github.com/backsaas/platform/services/platform-api/cmd/test-server/main.go:55.46,56.42 1 0
github.com/backsaas/platform/services/platform-api/cmd/test-server/main.go:56.42,58.3 1 0
github.com/backsaas/platform/services/platform-api/cmd/test-server/main.go:59.2,59.21 1 0
github.com/backsaas/platform/services/platform-api/cmd/test-server/main.go:62.38,65.19 1 0
github.com/backsaas/platform/services/platform-api/cmd/test-server/main.go:65.19,67.3 1 0
github.com/backsaas/platform/services/platform-api/cmd/test-server/main.go:68.2,68.14 1 0
github.com/backsaas/platform/services/platform-api/internal/schema/loader.go:145.41,149.2 1 1
github.com/backsaas/platform/services/platform-api/internal/schema/loader.go:152.65,156.16 3 1
github.com/backsaas/platform/services/platform-api/internal/schema/loader.go:156.16,158.3 1 0
github.com/backsaas/platform/services/platform-api/internal/schema/loader.go:160.2,160.30 1 1
github.com/backsaas/platform/services/platform-api/internal/schema/loader.go:164.62,167.54 2 1
github.com/backsaas/platform/services/platform-api/internal/schema/loader.go:167.54,169.3 1 1
github.com/backsaas/platform/services/platform-api/internal/schema/loader.go:172.2,172.50 1 1
github.com/backsaas/platform/services/platform-api/internal/schema/loader.go:172.50,174.3 1 1
github.com/backsaas/platform/services/platform-api/internal/schema/loader.go:176.2,176.21 1 1
github.com/backsaas/platform/services/platform-api/internal/schema/loader.go:180.69,184.2 1 0
github.com/backsaas/platform/services/platform-api/internal/schema/loader.go:187.55,188.25 1 1
github.com/backsaas/platform/services/platform-api/internal/schema/loader.go:188.25,190.3 1 1
github.com/backsaas/platform/services/platform-api/internal/schema/loader.go:192.2,192.31 1 1
github.com/backsaas/platform/services/platform-api/internal/schema/loader.go:192.31,194.3 1 0
github.com/backsaas/platform/services/platform-api/internal/schema/loader.go:196.2,196.31 1 1
github.com/backsaas/platform/services/platform-api/internal/schema/loader.go:196.31,198.3 1 1
github.com/backsaas/platform/services/platform-api/internal/schema/loader.go:201.2,201.50 1 1
github.com/backsaas/platform/services/platform-api/internal/schema/loader.go:201.50,202.62 1 1
github.com/backsaas/platform/services/platform-api/internal/schema/loader.go:202.62,204.4 1 1
github.com/backsaas/platform/services/platform-api/internal/schema/loader.go:208.2,208.55 1 1
github.com/backsaas/platform/services/platform-api/internal/schema/loader.go:208.55,209.28 1 1
github.com/backsaas/platform/services/platform-api/internal/schema/loader.go:209.28,210.62 1 1
github.com/backsaas/platform/services/platform-api/internal/schema/loader.go:210.62,212.5 1 1
github.com/backsaas/platform/services/platform-api/internal/schema/loader.go:216.2,216.12 1 1
github.com/backsaas/platform/services/platform-api/internal/schema/loader.go:220.68,221.22 1 1
github.com/backsaas/platform/services/platform-api/internal/schema/loader.go:221.22,223.3 1 1
github.com/backsaas/platform/services/platform-api/internal/schema/loader.go:225.2,225.36 1 1
github.com/backsaas/platform/services/platform-api/internal/schema/loader.go:225.36,227.3 1 1
github.com/backsaas/platform/services/platform-api/internal/schema/loader.go:229.2,229.40 1 1
github.com/backsaas/platform/services/platform-api/internal/schema/loader.go:229.40,231.3 1 0
github.com/backsaas/platform/services/platform-api/internal/schema/loader.go:234.2,234.64 1 1
github.com/backsaas/platform/services/platform-api/internal/schema/loader.go:234.64,236.3 1 1
github.com/backsaas/platform/services/platform-api/internal/schema/loader.go:239.2,239.50 1 1
github.com/backsaas/platform/services/platform-api/internal/schema/loader.go:239.50,240.63 1 1
github.com/backsaas/platform/services/platform-api/internal/schema/loader.go:240.63,242.4 1 0
github.com/backsaas/platform/services/platform-api/internal/schema/loader.go:245.2,245.12 1 1
github.com/backsaas/platform/services/platform-api/internal/api/database.go:20.77,25.2 1 0
github.com/backsaas/platform/services/platform-api/internal/api/database.go:28.80,29.53 1 0
github.com/backsaas/platform/services/platform-api/internal/api/database.go:29.53,30.70 1 0
github.com/backsaas/platform/services/platform-api/internal/api/database.go:30.70,32.4 1 0
github.com/backsaas/platform/services/platform-api/internal/api/database.go:34.2,34.12 1 0
github.com/backsaas/platform/services/platform-api/internal/api/database.go:38.101,44.16 3 0
github.com/backsaas/platform/services/platform-api/internal/api/database.go:44.16,46.3 1 0
github.com/backsaas/platform/services/platform-api/internal/api/database.go:48.2,48.12 1 0
github.com/backsaas/platform/services/platform-api/internal/api/database.go:52.99,64.49 6 0
github.com/backsaas/platform/services/platform-api/internal/api/database.go:64.49,65.29 1 0
github.com/backsaas/platform/services/platform-api/internal/api/database.go:65.29,67.4 1 0
github.com/backsaas/platform/services/platform-api/internal/api/database.go:71.2,71.38 1 0
github.com/backsaas/platform/services/platform-api/internal/api/database.go:71.38,72.43 1 0
github.com/backsaas/platform/services/platform-api/internal/api/database.go:72.43,73.35 1 0
github.com/backsaas/platform/services/platform-api/internal/api/database.go:73.35,75.5 1 0
github.com/backsaas/platform/services/platform-api/internal/api/database.go:79.2,79.37 1 0
github.com/backsaas/platform/services/platform-api/internal/api/database.go:79.37,83.3 3 0
github.com/backsaas/platform/services/platform-api/internal/api/database.go:86.2,98.17 4 0
github.com/backsaas/platform/services/platform-api/internal/api/database.go:102.117,107.22 3 1
github.com/backsaas/platform/services/platform-api/internal/api/database.go:108.16,109.32 1 1
github.com/backsaas/platform/services/platform-api/internal/api/database.go:109.32,111.4 1 1
github.com/backsaas/platform/services/platform-api/internal/api/database.go:111.9,111.37 1 1
github.com/backsaas/platform/services/platform-api/internal/api/database.go:111.37,113.4 1 0
github.com/backsaas/platform/services/platform-api/internal/api/database.go:113.9,113.35 1 1
github.com/backsaas/platform/services/platform-api/internal/api/database.go:113.35,115.4 1 1
github.com/backsaas/platform/services/platform-api/internal/api/database.go:115.9,117.4 1 0
github.com/backsaas/platform/services/platform-api/internal/api/database.go:118.17,119.22 1 1
github.com/backsaas/platform/services/platform-api/internal/api/database.go:120.16,121.22 1 0
github.com/backsaas/platform/services/platform-api/internal/api/database.go:122.17,123.22 1 1
github.com/backsaas/platform/services/platform-api/internal/api/database.go:124.15,125.20 1 0
github.com/backsaas/platform/services/platform-api/internal/api/database.go:126.16,127.20 1 1
github.com/backsaas/platform/services/platform-api/internal/api/database.go:128.10,129.19 1 0
github.com/backsaas/platform/services/platform-api/internal/api/database.go:133.2,133.28 1 1
github.com/backsaas/platform/services/platform-api/internal/api/database.go:133.28,135.3 1 1
github.com/backsaas/platform/services/platform-api/internal/api/database.go:138.2,139.26 2 1
github.com/backsaas/platform/services/platform-api/internal/api/database.go:139.26,141.3 1 1
github.com/backsaas/platform/services/platform-api/internal/api/database.go:143.2,143.18 1 1
github.com/backsaas/platform/services/platform-api/internal/api/database.go:147.146,155.29 5 0
github.com/backsaas/platform/services/platform-api/internal/api/database.go:155.29,157.3 1 0
github.com/backsaas/platform/services/platform-api/internal/api/database.go:160.2,165.31 5 0
github.com/backsaas/platform/services/platform-api/internal/api/database.go:165.31,170.3 4 0
github.com/backsaas/platform/services/platform-api/internal/api/database.go:172.2,184.16 4 0
github.com/backsaas/platform/services/platform-api/internal/api/database.go:184.16,186.3 1 0
github.com/backsaas/platform/services/platform-api/internal/api/database.go:188.2,188.20 1 0
github.com/backsaas/platform/services/platform-api/internal/api/database.go:192.157,201.20 5 0
github.com/backsaas/platform/services/platform-api/internal/api/database.go:201.20,203.3 1 0
github.com/backsaas/platform/services/platform-api/internal/api/database.go:206.2,210.31 4 0
github.com/backsaas/platform/services/platform-api/internal/api/database.go:210.31,214.3 3 0
github.com/backsaas/platform/services/platform-api/internal/api/database.go:217.2,233.16 5 0
github.com/backsaas/platform/services/platform-api/internal/api/database.go:233.16,234.27 1 0
github.com/backsaas/platform/services/platform-api/internal/api/database.go:234.27,236.4 1 0
github.com/backsaas/platform/services/platform-api/internal/api/database.go:237.3,237.61 1 0
github.com/backsaas/platform/services/platform-api/internal/api/database.go:240.2,240.20 1 0
github.com/backsaas/platform/services/platform-api/internal/api/database.go:244.187,251.34 4 0
github.com/backsaas/platform/services/platform-api/internal/api/database.go:251.34,255.3 3 0
github.com/backsaas/platform/services/platform-api/internal/api/database.go:258.2,258.19 1 0
github.com/backsaas/platform/services/platform-api/internal/api/database.go:258.19,260.3 1 0
github.com/backsaas/platform/services/platform-api/internal/api/database.go:260.8,262.3 1 0
github.com/backsaas/platform/services/platform-api/internal/api/database.go:265.2,265.15 1 0
github.com/backsaas/platform/services/platform-api/internal/api/database.go:265.15,269.3 3 0
github.com/backsaas/platform/services/platform-api/internal/api/database.go:271.2,271.16 1 0
github.com/backsaas/platform/services/platform-api/internal/api/database.go:271.16,274.3 2 0
github.com/backsaas/platform/services/platform-api/internal/api/database.go:277.2,278.16 2 0
github.com/backsaas/platform/services/platform-api/internal/api/database.go:278.16,280.3 1 0
github.com/backsaas/platform/services/platform-api/internal/api/database.go:281.2,285.16 3 0
github.com/backsaas/platform/services/platform-api/internal/api/database.go:285.16,287.3 1 0
github.com/backsaas/platform/services/platform-api/internal/api/database.go:289.2,289.21 1 0
github.com/backsaas/platform/services/platform-api/internal/api/database.go:293.125,299.16 4 0
github.com/backsaas/platform/services/platform-api/internal/api/database.go:299.16,300.27 1 0
github.com/backsaas/platform/services/platform-api/internal/api/database.go:300.27,302.4 1 0
github.com/backsaas/platform/services/platform-api/internal/api/database.go:303.3,303.58 1 0
github.com/backsaas/platform/services/platform-api/internal/api/database.go:306.2,306.20 1 0
github.com/backsaas/platform/services/platform-api/internal/api/database.go:310.102,314.16 3 0
github.com/backsaas/platform/services/platform-api/internal/api/database.go:314.16,316.3 1 0
github.com/backsaas/platform/services/platform-api/internal/api/database.go:318.2,319.16 2 0
github.com/backsaas/platform/services/platform-api/internal/api/database.go:319.16,321.3 1 0
github.com/backsaas/platform/services/platform-api/internal/api/database.go:323.2,323.23 1 0
github.com/backsaas/platform/services/platform-api/internal/api/database.go:323.23,325.3 1 0
github.com/backsaas/platform/services/platform-api/internal/api/database.go:327.2,327.12 1 0
github.com/backsaas/platform/services/platform-api/internal/api/database.go:331.108,339.24 4 0
github.com/backsaas/platform/services/platform-api/internal/api/database.go:339.24,341.3 1 0
github.com/backsaas/platform/services/platform-api/internal/api/database.go:344.2,345.16 2 0
github.com/backsaas/platform/services/platform-api/internal/api/database.go:345.16,347.3 1 0
github.com/backsaas/platform/services/platform-api/internal/api/database.go:350.2,351.30 2 0
github.com/backsaas/platform/services/platform-api/internal/api/database.go:351.30,355.32 2 0
github.com/backsaas/platform/services/platform-api/internal/api/database.go:355.32,357.4 1 0
github.com/backsaas/platform/services/platform-api/internal/api/database.go:359.3,359.20 1 0
github.com/backsaas/platform/services/platform-api/internal/api/database.go:362.2,362.20 1 0
github.com/backsaas/platform/services/platform-api/internal/api/database.go:366.114,369.16 2 0
github.com/backsaas/platform/services/platform-api/internal/api/database.go:369.16,371.3 1 0
github.com/backsaas/platform/services/platform-api/internal/api/database.go:373.2,375.18 2 0
github.com/backsaas/platform/services/platform-api/internal/api/database.go:375.18,380.25 3 0
github.com/backsaas/platform/services/platform-api/internal/api/database.go:380.25,382.4 1 0
github.com/backsaas/platform/services/platform-api/internal/api/database.go:385.3,386.17 2 0
github.com/backsaas/platform/services/platform-api/internal/api/database.go:386.17,388.4 1 0
github.com/backsaas/platform/services/platform-api/internal/api/database.go:391.3,392.31 2 0
github.com/backsaas/platform/services/platform-api/internal/api/database.go:392.31,396.33 2 0
github.com/backsaas/platform/services/platform-api/internal/api/database.go:396.33,398.5 1 0
github.com/backsaas/platform/services/platform-api/internal/api/database.go:400.4,400.21 1 0
github.com/backsaas/platform/services/platform-api/internal/api/database.go:403.3,403.36 1 0
github.com/backsaas/platform/services/platform-api/internal/api/database.go:406.2,406.21 1 0
github.com/backsaas/platform/services/platform-api/internal/api/database.go:410.79,415.49 3 0
github.com/backsaas/platform/services/platform-api/internal/api/database.go:415.49,416.29 1 0
github.com/backsaas/platform/services/platform-api/internal/api/database.go:416.29,418.4 1 0
github.com/backsaas/platform/services/platform-api/internal/api/database.go:423.2,423.38 1 0
github.com/backsaas/platform/services/platform-api/internal/api/database.go:423.38,424.43 1 0
github.com/backsaas/platform/services/platform-api/internal/api/database.go:424.43,425.35 1 0
github.com/backsaas/platform/services/platform-api/internal/api/database.go:425.35,427.5 1 0
github.com/backsaas/platform/services/platform-api/internal/api/database.go:431.2,433.16 3 0
github.com/backsaas/platform/services/platform-api/internal/api/database.go:437.50,441.2 1 0
github.com/backsaas/platform/services/platform-api/internal/api/database.go:444.107,446.55 1 0
github.com/backsaas/platform/services/platform-api/internal/api/database.go:446.55,447.48 1 0
github.com/backsaas/platform/services/platform-api/internal/api/database.go:447.48,449.4 1 0
github.com/backsaas/platform/services/platform-api/internal/api/database.go:453.2,453.36 1 0
github.com/backsaas/platform/services/platform-api/internal/api/database.go:453.36,455.86 1 0
github.com/backsaas/platform/services/platform-api/internal/api/database.go:455.86,456.12 1 0
github.com/backsaas/platform/services/platform-api/internal/api/database.go:459.3,460.14 2 0
github.com/backsaas/platform/services/platform-api/internal/api/database.go:460.14,462.4 1 0
github.com/backsaas/platform/services/platform-api/internal/api/database.go:464.3,464.70 1 0
github.com/backsaas/platform/services/platform-api/internal/api/database.go:464.70,466.4 1 0
github.com/backsaas/platform/services/platform-api/internal/api/database.go:469.2,469.12 1 0
github.com/backsaas/platform/services/platform-api/internal/api/database.go:473.125,474.18 1 0
github.com/backsaas/platform/services/platform-api/internal/api/database.go:474.18,476.3 1 0
github.com/backsaas/platform/services/platform-api/internal/api/database.go:479.2,479.22 1 0
github.com/backsaas/platform/services/platform-api/internal/api/database.go:480.16,481.35 1 0
github.com/backsaas/platform/services/platform-api/internal/api/database.go:481.35,483.4 1 0
github.com/backsaas/platform/services/platform-api/internal/api/database.go:485.3,488.60 2 0
github.com/backsaas/platform/services/platform-api/internal/api/database.go:488.60,490.4 1 0
github.com/backsaas/platform/services/platform-api/internal/api/database.go:491.3,491.60 1 0
github.com/backsaas/platform/services/platform-api/internal/api/database.go:491.60,493.4 1 0
github.com/backsaas/platform/services/platform-api/internal/api/database.go:496.3,496.28 1 0
github.com/backsaas/platform/services/platform-api/internal/api/database.go:496.28,498.43 2 0
github.com/backsaas/platform/services/platform-api/internal/api/database.go:498.43,499.25 1 0
github.com/backsaas/platform/services/platform-api/internal/api/database.go:499.25,501.11 2 0
github.com/backsaas/platform/services/platform-api/internal/api/database.go:504.4,504.14 1 0
github.com/backsaas/platform/services/platform-api/internal/api/database.go:504.14,506.5 1 0
github.com/backsaas/platform/services/platform-api/internal/api/database.go:509.17,511.28 1 0
github.com/backsaas/platform/services/platform-api/internal/api/database.go:512.26,512.26 0 0
github.com/backsaas/platform/services/platform-api/internal/api/database.go:514.16,515.30 1 0
github.com/backsaas/platform/services/platform-api/internal/api/database.go:515.30,517.5 1 0
github.com/backsaas/platform/services/platform-api/internal/api/database.go:518.11,519.67 1 0
github.com/backsaas/platform/services/platform-api/internal/api/database.go:522.16,523.24 1 0
github.com/backsaas/platform/services/platform-api/internal/api/database.go:523.24,525.4 1 0
github.com/backsaas/platform/services/platform-api/internal/api/database.go:527.17,528.33 1 0
github.com/backsaas/platform/services/platform-api/internal/api/database.go:528.33,530.4 1 0
github.com/backsaas/platform/services/platform-api/internal/api/database.go:532.15,533.52 1 0
github.com/backsaas/platform/services/platform-api/internal/api/database.go:533.52,535.4 1 0
github.com/backsaas/platform/services/platform-api/internal/api/database.go:537.16,538.50 1 0
github.com/backsaas/platform/services/platform-api/internal/api/database.go:538.50,540.4 1 0
github.com/backsaas/platform/services/platform-api/internal/api/database.go:543.2,543.12 1 0
github.com/backsaas/platform/services/platform-api/internal/api/database.go:547.40,548.22 1 0
github.com/backsaas/platform/services/platform-api/internal/api/database.go:549.43,550.14 1 0
github.com/backsaas/platform/services/platform-api/internal/api/database.go:551.10,552.15 1 0
github.com/backsaas/platform/services/platform-api/internal/api/engine.go:34.49,41.39 4 1
github.com/backsaas/platform/services/platform-api/internal/api/engine.go:41.39,43.3 1 0
github.com/backsaas/platform/services/platform-api/internal/api/engine.go:44.2,46.29 2 1
github.com/backsaas/platform/services/platform-api/internal/api/engine.go:47.14,49.17 2 1
github.com/backsaas/platform/services/platform-api/internal/api/engine.go:49.17,51.4 1 1
github.com/backsaas/platform/services/platform-api/internal/api/engine.go:52.18,54.17 2 0
github.com/backsaas/platform/services/platform-api/internal/api/engine.go:54.17,56.4 1 0
github.com/backsaas/platform/services/platform-api/internal/api/engine.go:57.10,58.75 1 1
github.com/backsaas/platform/services/platform-api/internal/api/engine.go:62.2,63.16 2 0
github.com/backsaas/platform/services/platform-api/internal/api/engine.go:63.16,65.3 1 0
github.com/backsaas/platform/services/platform-api/internal/api/engine.go:68.2,79.59 3 0
github.com/backsaas/platform/services/platform-api/internal/api/engine.go:79.59,81.3 1 0
github.com/backsaas/platform/services/platform-api/internal/api/engine.go:84.2,84.45 1 0
github.com/backsaas/platform/services/platform-api/internal/api/engine.go:84.45,86.3 1 0
github.com/backsaas/platform/services/platform-api/internal/api/engine.go:88.2,91.20 2 0
github.com/backsaas/platform/services/platform-api/internal/api/engine.go:95.38,110.52 7 0
github.com/backsaas/platform/services/platform-api/internal/api/engine.go:110.52,112.3 1 0
github.com/backsaas/platform/services/platform-api/internal/api/engine.go:114.2,114.12 1 0
github.com/backsaas/platform/services/platform-api/internal/api/engine.go:118.102,135.2 6 0
github.com/backsaas/platform/services/platform-api/internal/api/engine.go:138.53,139.30 1 0
github.com/backsaas/platform/services/platform-api/internal/api/engine.go:139.30,143.3 3 0
github.com/backsaas/platform/services/platform-api/internal/api/engine.go:147.54,148.75 1 0
github.com/backsaas/platform/services/platform-api/internal/api/engine.go:148.75,156.3 1 0
github.com/backsaas/platform/services/platform-api/internal/api/engine.go:160.46,167.2 1 0
github.com/backsaas/platform/services/platform-api/internal/api/engine.go:170.44,174.2 1 0
github.com/backsaas/platform/services/platform-api/internal/api/engine.go:177.89,178.30 1 0
github.com/backsaas/platform/services/platform-api/internal/api/engine.go:178.30,180.75 1 0
github.com/backsaas/platform/services/platform-api/internal/api/engine.go:180.75,183.4 2 0
github.com/backsaas/platform/services/platform-api/internal/api/engine.go:186.3,187.50 2 0
github.com/backsaas/platform/services/platform-api/internal/api/engine.go:187.50,188.81 1 0
github.com/backsaas/platform/services/platform-api/internal/api/engine.go:188.81,190.5 1 0
github.com/backsaas/platform/services/platform-api/internal/api/engine.go:194.3,196.51 3 0
github.com/backsaas/platform/services/platform-api/internal/api/engine.go:196.51,197.94 1 0
github.com/backsaas/platform/services/platform-api/internal/api/engine.go:197.94,198.21 1 0
github.com/backsaas/platform/services/platform-api/internal/api/engine.go:198.21,200.6 1 0
github.com/backsaas/platform/services/platform-api/internal/api/engine.go:203.3,203.54 1 0
github.com/backsaas/platform/services/platform-api/internal/api/engine.go:203.54,205.4 1 0
github.com/backsaas/platform/services/platform-api/internal/api/engine.go:207.3,211.17 3 0
github.com/backsaas/platform/services/platform-api/internal/api/engine.go:211.17,214.4 2 0
github.com/backsaas/platform/services/platform-api/internal/api/engine.go:217.3,217.78 1 0
github.com/backsaas/platform/services/platform-api/internal/api/engine.go:217.78,220.4 2 0
github.com/backsaas/platform/services/platform-api/internal/api/engine.go:222.3,227.5 1 0
github.com/backsaas/platform/services/platform-api/internal/api/engine.go:232.89,233.30 1 0
github.com/backsaas/platform/services/platform-api/internal/api/engine.go:233.30,235.49 2 0
github.com/backsaas/platform/services/platform-api/internal/api/engine.go:235.49,238.4 2 0
github.com/backsaas/platform/services/platform-api/internal/api/engine.go:241.3,244.66 2 0
github.com/backsaas/platform/services/platform-api/internal/api/engine.go:244.66,247.4 2 0
github.com/backsaas/platform/services/platform-api/internal/api/engine.go:250.3,250.92 1 0
github.com/backsaas/platform/services/platform-api/internal/api/engine.go:250.92,253.4 2 0
github.com/backsaas/platform/services/platform-api/internal/api/engine.go:256.3,256.78 1 0
github.com/backsaas/platform/services/platform-api/internal/api/engine.go:256.78,259.4 2 0
github.com/backsaas/platform/services/platform-api/internal/api/engine.go:262.3,263.17 2 0
github.com/backsaas/platform/services/platform-api/internal/api/engine.go:263.17,266.4 2 0
github.com/backsaas/platform/services/platform-api/internal/api/engine.go:269.3,269.13 1 0
github.com/backsaas/platform/services/platform-api/internal/api/engine.go:269.13,270.80 1 0
github.com/backsaas/platform/services/platform-api/internal/api/engine.go:270.80,272.5 1 0
github.com/backsaas/platform/services/platform-api/internal/api/engine.go:275.3,277.5 1 0
github.com/backsaas/platform/services/platform-api/internal/api/engine.go:282.86,283.30 1 0
github.com/backsaas/platform/services/platform-api/internal/api/engine.go:283.30,287.17 3 0
github.com/backsaas/platform/services/platform-api/internal/api/engine.go:287.17,288.41 1 0
github.com/backsaas/platform/services/platform-api/internal/api/engine.go:288.41,291.5 2 0
github.com/backsaas/platform/services/platform-api/internal/api/engine.go:292.4,293.10 2 0
github.com/backsaas/platform/services/platform-api/internal/api/engine.go:296.3,298.5 1 0
github.com/backsaas/platform/services/platform-api/internal/api/engine.go:303.89,304.30 1 0
github.com/backsaas/platform/services/platform-api/internal/api/engine.go:304.30,308.49 3 0
github.com/backsaas/platform/services/platform-api/internal/api/engine.go:308.49,311.4 2 0
github.com/backsaas/platform/services/platform-api/internal/api/engine.go:314.3,318.66 3 0
github.com/backsaas/platform/services/platform-api/internal/api/engine.go:318.66,321.4 2 0
github.com/backsaas/platform/services/platform-api/internal/api/engine.go:324.3,324.92 1 0
github.com/backsaas/platform/services/platform-api/internal/api/engine.go:324.92,327.4 2 0
github.com/backsaas/platform/services/platform-api/internal/api/engine.go:330.3,330.78 1 0
github.com/backsaas/platform/services/platform-api/internal/api/engine.go:330.78,333.4 2 0
github.com/backsaas/platform/services/platform-api/internal/api/engine.go:336.3,337.17 2 0
github.com/backsaas/platform/services/platform-api/internal/api/engine.go:337.17,338.41 1 0
github.com/backsaas/platform/services/platform-api/internal/api/engine.go:338.41,341.5 2 0
github.com/backsaas/platform/services/platform-api/internal/api/engine.go:342.4,343.10 2 0
github.com/backsaas/platform/services/platform-api/internal/api/engine.go:347.3,347.13 1 0
github.com/backsaas/platform/services/platform-api/internal/api/engine.go:347.13,348.80 1 0
github.com/backsaas/platform/services/platform-api/internal/api/engine.go:348.80,350.5 1 0
github.com/backsaas/platform/services/platform-api/internal/api/engine.go:353.3,355.5 1 0
github.com/backsaas/platform/services/platform-api/internal/api/engine.go:360.89,361.30 1 0
github.com/backsaas/platform/services/platform-api/internal/api/engine.go:361.30,365.112 2 0
github.com/backsaas/platform/services/platform-api/internal/api/engine.go:365.112,368.4 2 0
github.com/backsaas/platform/services/platform-api/internal/api/engine.go:371.3,372.17 2 0
github.com/backsaas/platform/services/platform-api/internal/api/engine.go:372.17,373.41 1 0
github.com/backsaas/platform/services/platform-api/internal/api/engine.go:373.41,376.5 2 0
github.com/backsaas/platform/services/platform-api/internal/api/engine.go:377.4,378.10 2 0
github.com/backsaas/platform/services/platform-api/internal/api/engine.go:382.3,382.13 1 0
github.com/backsaas/platform/services/platform-api/internal/api/engine.go:382.13,383.112 1 0
github.com/backsaas/platform/services/platform-api/internal/api/engine.go:383.112,385.5 1 0
github.com/backsaas/platform/services/platform-api/internal/api/engine.go:388.3,390.5 1 0
github.com/backsaas/platform/services/platform-api/internal/api/engine.go:395.43,398.2 2 0
github.com/backsaas/platform/services/platform-api/internal/api/engine.go:401.99,404.2 1 0
github.com/backsaas/platform/services/platform-api/internal/api/engine.go:406.124,409.2 1 0
