mode: set
github.com/backsaas/platform/api/cmd/backsaas-api/main.go:11.13,14.65 3 0
github.com/backsaas/platform/api/cmd/backsaas-api/main.go:14.65,14.90 1 0
github.com/backsaas/platform/api/cmd/backsaas-api/main.go:15.2,15.58 1 0
github.com/backsaas/platform/api/cmd/backsaas-api/main.go:15.58,18.3 2 0
github.com/backsaas/platform/api/cmd/backsaas-api/main.go:19.2,20.41 2 0
github.com/backsaas/platform/api/cmd/backsaas-api/main.go:23.33,23.65 1 0
github.com/backsaas/platform/api/cmd/backsaas-api/main.go:23.65,23.77 1 0
github.com/backsaas/platform/api/cmd/backsaas-api/main.go:23.79,23.87 1 0
github.com/backsaas/platform/api/internal/functions/init.go:13.45,29.2 6 0
github.com/backsaas/platform/api/internal/functions/init.go:32.62,116.2 3 0
github.com/backsaas/platform/api/internal/functions/init.go:119.60,194.2 3 0
github.com/backsaas/platform/api/internal/functions/init.go:197.65,250.2 2 0
github.com/backsaas/platform/api/internal/functions/init.go:253.60,255.2 0 0
github.com/backsaas/platform/api/internal/functions/registry.go:68.46,72.2 1 0
github.com/backsaas/platform/api/internal/functions/registry.go:75.68,79.48 3 0
github.com/backsaas/platform/api/internal/functions/registry.go:79.48,81.3 1 0
github.com/backsaas/platform/api/internal/functions/registry.go:83.2,84.12 2 0
github.com/backsaas/platform/api/internal/functions/registry.go:88.73,94.2 4 0
github.com/backsaas/platform/api/internal/functions/registry.go:97.66,102.37 4 0
github.com/backsaas/platform/api/internal/functions/registry.go:102.37,104.3 1 0
github.com/backsaas/platform/api/internal/functions/registry.go:105.2,105.15 1 0
github.com/backsaas/platform/api/internal/functions/registry.go:114.24,118.13 2 0
github.com/backsaas/platform/api/internal/functions/registry.go:118.13,120.3 1 0
github.com/backsaas/platform/api/internal/functions/registry.go:123.2,123.54 1 0
github.com/backsaas/platform/api/internal/functions/registry.go:123.54,125.3 1 0
github.com/backsaas/platform/api/internal/functions/registry.go:128.2,129.16 2 0
github.com/backsaas/platform/api/internal/functions/registry.go:129.16,131.3 1 0
github.com/backsaas/platform/api/internal/functions/registry.go:134.2,137.33 2 0
github.com/backsaas/platform/api/internal/functions/registry.go:141.105,143.46 1 0
github.com/backsaas/platform/api/internal/functions/registry.go:143.46,144.24 1 0
github.com/backsaas/platform/api/internal/functions/registry.go:144.24,145.47 1 0
github.com/backsaas/platform/api/internal/functions/registry.go:145.47,147.5 1 0
github.com/backsaas/platform/api/internal/functions/registry.go:152.2,152.12 1 0
github.com/backsaas/platform/api/internal/functions/registry.go:160.28,170.17 5 0
github.com/backsaas/platform/api/internal/functions/registry.go:170.17,172.3 1 0
github.com/backsaas/platform/api/internal/functions/registry.go:175.2,176.46 2 0
github.com/backsaas/platform/api/internal/functions/registry.go:176.46,177.26 1 0
github.com/backsaas/platform/api/internal/functions/registry.go:177.26,178.9 1 0
github.com/backsaas/platform/api/internal/functions/registry.go:181.3,182.14 2 0
github.com/backsaas/platform/api/internal/functions/registry.go:182.14,185.4 1 0
github.com/backsaas/platform/api/internal/functions/registry.go:187.3,187.19 1 0
github.com/backsaas/platform/api/internal/functions/registry.go:187.19,189.4 1 0
github.com/backsaas/platform/api/internal/functions/registry.go:189.9,192.4 1 0
github.com/backsaas/platform/api/internal/functions/registry.go:193.3,193.13 1 0
github.com/backsaas/platform/api/internal/functions/registry.go:196.2,196.18 1 0
github.com/backsaas/platform/api/internal/functions/registry.go:200.88,201.23 1 0
github.com/backsaas/platform/api/internal/functions/registry.go:201.23,203.3 1 0
github.com/backsaas/platform/api/internal/functions/registry.go:206.2,206.22 1 0
github.com/backsaas/platform/api/internal/functions/registry.go:206.22,207.57 1 0
github.com/backsaas/platform/api/internal/functions/registry.go:207.57,208.49 1 0
github.com/backsaas/platform/api/internal/functions/registry.go:208.49,210.5 1 0
github.com/backsaas/platform/api/internal/functions/registry.go:215.2,215.26 1 0
github.com/backsaas/platform/api/internal/functions/registry.go:215.26,217.3 1 0
github.com/backsaas/platform/api/internal/functions/registry.go:219.2,219.17 1 0
github.com/backsaas/platform/api/internal/functions/communication/email.go:25.126,27.14 1 1
github.com/backsaas/platform/api/internal/functions/communication/email.go:27.14,29.3 1 1
github.com/backsaas/platform/api/internal/functions/communication/email.go:32.2,32.20 1 1
github.com/backsaas/platform/api/internal/functions/communication/email.go:32.20,34.3 1 1
github.com/backsaas/platform/api/internal/functions/communication/email.go:37.2,38.25 2 1
github.com/backsaas/platform/api/internal/functions/communication/email.go:38.25,40.3 1 1
github.com/backsaas/platform/api/internal/functions/communication/email.go:41.2,58.16 4 1
github.com/backsaas/platform/api/internal/functions/communication/email.go:58.16,63.3 1 0
github.com/backsaas/platform/api/internal/functions/communication/email.go:65.2,65.12 1 1
github.com/backsaas/platform/api/internal/functions/communication/email.go:69.145,71.15 1 1
github.com/backsaas/platform/api/internal/functions/communication/email.go:71.15,73.3 1 1
github.com/backsaas/platform/api/internal/functions/communication/email.go:76.2,77.28 2 1
github.com/backsaas/platform/api/internal/functions/communication/email.go:77.28,79.3 1 1
github.com/backsaas/platform/api/internal/functions/communication/email.go:80.2,84.18 3 1
github.com/backsaas/platform/api/internal/functions/communication/email.go:84.18,86.3 1 1
github.com/backsaas/platform/api/internal/functions/communication/email.go:89.2,95.16 3 1
github.com/backsaas/platform/api/internal/functions/communication/email.go:95.16,97.3 1 0
github.com/backsaas/platform/api/internal/functions/communication/email.go:100.2,101.16 2 1
github.com/backsaas/platform/api/internal/functions/communication/email.go:101.16,103.3 1 0
github.com/backsaas/platform/api/internal/functions/communication/email.go:105.2,110.16 4 1
github.com/backsaas/platform/api/internal/functions/communication/email.go:110.16,116.3 2 0
github.com/backsaas/platform/api/internal/functions/communication/email.go:117.2,120.28 2 1
github.com/backsaas/platform/api/internal/functions/communication/email.go:120.28,127.3 2 1
github.com/backsaas/platform/api/internal/functions/communication/email.go:129.2,142.16 3 0
github.com/backsaas/platform/api/internal/functions/communication/email.go:142.16,146.3 1 0
github.com/backsaas/platform/api/internal/functions/communication/email.go:148.2,148.12 1 0
github.com/backsaas/platform/api/internal/functions/validation/email.go:15.127,17.36 1 1
github.com/backsaas/platform/api/internal/functions/validation/email.go:17.36,19.3 1 1
github.com/backsaas/platform/api/internal/functions/validation/email.go:22.2,25.29 2 1
github.com/backsaas/platform/api/internal/functions/validation/email.go:25.29,29.48 3 1
github.com/backsaas/platform/api/internal/functions/validation/email.go:29.48,30.31 1 1
github.com/backsaas/platform/api/internal/functions/validation/email.go:30.31,32.10 2 1
github.com/backsaas/platform/api/internal/functions/validation/email.go:36.3,36.21 1 1
github.com/backsaas/platform/api/internal/functions/validation/email.go:36.21,38.4 1 1
github.com/backsaas/platform/api/internal/functions/validation/email.go:42.2,45.16 2 1
github.com/backsaas/platform/api/internal/functions/validation/email.go:45.16,47.3 1 0
github.com/backsaas/platform/api/internal/functions/validation/email.go:49.2,49.23 1 1
github.com/backsaas/platform/api/internal/functions/validation/email.go:49.23,51.3 1 1
github.com/backsaas/platform/api/internal/functions/validation/email.go:53.2,58.18 2 1
github.com/backsaas/platform/api/internal/functions/validation/email.go:62.178,63.31 1 1
github.com/backsaas/platform/api/internal/functions/validation/email.go:63.31,65.3 1 1
github.com/backsaas/platform/api/internal/functions/validation/email.go:67.2,67.22 1 1
github.com/backsaas/platform/api/internal/functions/validation/email.go:67.22,69.33 2 1
github.com/backsaas/platform/api/internal/functions/validation/email.go:69.33,70.34 1 1
github.com/backsaas/platform/api/internal/functions/validation/email.go:70.34,72.10 2 1
github.com/backsaas/platform/api/internal/functions/validation/email.go:75.3,75.16 1 1
github.com/backsaas/platform/api/internal/functions/validation/email.go:75.16,77.4 1 1
github.com/backsaas/platform/api/internal/functions/validation/email.go:80.2,80.20 1 1
github.com/backsaas/platform/api/internal/functions/validation/email.go:80.20,82.33 2 1
github.com/backsaas/platform/api/internal/functions/validation/email.go:82.33,83.34 1 1
github.com/backsaas/platform/api/internal/functions/validation/email.go:83.34,85.10 2 1
github.com/backsaas/platform/api/internal/functions/validation/email.go:88.3,88.17 1 1
github.com/backsaas/platform/api/internal/functions/validation/email.go:88.17,90.4 1 1
github.com/backsaas/platform/api/internal/functions/validation/email.go:93.2,93.20 1 1
github.com/backsaas/platform/api/internal/functions/validation/email.go:93.20,96.33 3 1
github.com/backsaas/platform/api/internal/functions/validation/email.go:96.33,97.43 1 1
github.com/backsaas/platform/api/internal/functions/validation/email.go:97.43,99.10 2 1
github.com/backsaas/platform/api/internal/functions/validation/email.go:102.3,102.17 1 1
github.com/backsaas/platform/api/internal/functions/validation/email.go:102.17,104.4 1 1
github.com/backsaas/platform/api/internal/functions/validation/email.go:107.2,112.18 2 1
github.com/backsaas/platform/api/internal/functions/validation/email.go:116.115,121.42 2 1
github.com/backsaas/platform/api/internal/functions/validation/email.go:121.42,123.3 1 1
github.com/backsaas/platform/api/internal/functions/validation/email.go:126.2,126.23 1 1
github.com/backsaas/platform/api/internal/functions/validation/email.go:126.23,132.3 1 1
github.com/backsaas/platform/api/internal/functions/validation/email.go:134.2,134.18 1 1
github.com/backsaas/platform/api/internal/functions/security/crypto.go:16.106,19.16 2 1
github.com/backsaas/platform/api/internal/functions/security/crypto.go:19.16,24.3 2 0
github.com/backsaas/platform/api/internal/functions/security/crypto.go:26.2,30.26 2 1
github.com/backsaas/platform/api/internal/functions/security/crypto.go:34.118,37.44 2 1
github.com/backsaas/platform/api/internal/functions/security/crypto.go:37.44,42.3 2 0
github.com/backsaas/platform/api/internal/functions/security/crypto.go:45.2,48.18 2 1
github.com/backsaas/platform/api/internal/functions/security/crypto.go:48.18,50.3 1 1
github.com/backsaas/platform/api/internal/functions/security/crypto.go:52.2,60.21 3 1
github.com/backsaas/platform/api/internal/functions/security/crypto.go:64.163,75.44 4 1
github.com/backsaas/platform/api/internal/functions/security/crypto.go:75.44,78.3 2 1
github.com/backsaas/platform/api/internal/functions/security/crypto.go:81.2,81.41 1 1
github.com/backsaas/platform/api/internal/functions/security/crypto.go:81.41,82.23 1 1
github.com/backsaas/platform/api/internal/functions/security/crypto.go:82.23,84.4 1 1
github.com/backsaas/platform/api/internal/functions/security/crypto.go:88.2,88.21 1 1
github.com/backsaas/platform/api/internal/functions/security/crypto.go:88.21,92.17 2 1
github.com/backsaas/platform/api/internal/functions/security/crypto.go:92.17,94.4 1 0
github.com/backsaas/platform/api/internal/functions/security/crypto.go:96.3,96.24 1 1
github.com/backsaas/platform/api/internal/functions/security/crypto.go:96.24,98.4 1 1
github.com/backsaas/platform/api/internal/functions/security/crypto.go:101.2,107.18 2 1
