mode: set
github.com/backsaas/backsaas/cmd/backsaas/internal/cli/bootstrap.go:37.13,44.2 5 1
github.com/backsaas/backsaas/cmd/backsaas/internal/cli/bootstrap.go:46.60,51.22 3 0
github.com/backsaas/backsaas/cmd/backsaas/internal/cli/bootstrap.go:51.22,53.3 1 0
github.com/backsaas/backsaas/cmd/backsaas/internal/cli/bootstrap.go:56.2,56.25 1 0
github.com/backsaas/backsaas/cmd/backsaas/internal/cli/bootstrap.go:56.25,59.17 3 0
github.com/backsaas/backsaas/cmd/backsaas/internal/cli/bootstrap.go:59.17,61.4 1 0
github.com/backsaas/backsaas/cmd/backsaas/internal/cli/bootstrap.go:63.3,64.17 2 0
github.com/backsaas/backsaas/cmd/backsaas/internal/cli/bootstrap.go:64.17,66.4 1 0
github.com/backsaas/backsaas/cmd/backsaas/internal/cli/bootstrap.go:68.3,68.39 1 0
github.com/backsaas/backsaas/cmd/backsaas/internal/cli/bootstrap.go:68.39,70.4 1 0
github.com/backsaas/backsaas/cmd/backsaas/internal/cli/bootstrap.go:74.2,81.12 7 0
github.com/backsaas/backsaas/cmd/backsaas/internal/cli/bootstrap.go:81.12,84.3 2 0
github.com/backsaas/backsaas/cmd/backsaas/internal/cli/bootstrap.go:87.2,87.18 1 0
github.com/backsaas/backsaas/cmd/backsaas/internal/cli/bootstrap.go:87.18,88.50 1 0
github.com/backsaas/backsaas/cmd/backsaas/internal/cli/bootstrap.go:88.50,91.4 2 0
github.com/backsaas/backsaas/cmd/backsaas/internal/cli/bootstrap.go:95.2,106.29 3 0
github.com/backsaas/backsaas/cmd/backsaas/internal/cli/bootstrap.go:106.29,109.41 2 0
github.com/backsaas/backsaas/cmd/backsaas/internal/cli/bootstrap.go:109.41,112.4 2 0
github.com/backsaas/backsaas/cmd/backsaas/internal/cli/bootstrap.go:114.3,114.30 1 0
github.com/backsaas/backsaas/cmd/backsaas/internal/cli/bootstrap.go:118.2,130.12 12 0
github.com/backsaas/backsaas/cmd/backsaas/internal/cli/bootstrap.go:138.52,141.16 3 0
github.com/backsaas/backsaas/cmd/backsaas/internal/cli/bootstrap.go:141.16,143.3 1 0
github.com/backsaas/backsaas/cmd/backsaas/internal/cli/bootstrap.go:144.2,145.34 2 0
github.com/backsaas/backsaas/cmd/backsaas/internal/cli/bootstrap.go:148.40,153.16 4 0
github.com/backsaas/backsaas/cmd/backsaas/internal/cli/bootstrap.go:153.16,155.3 1 0
github.com/backsaas/backsaas/cmd/backsaas/internal/cli/bootstrap.go:157.2,158.45 2 0
github.com/backsaas/backsaas/cmd/backsaas/internal/cli/bootstrap.go:161.34,168.26 2 0
github.com/backsaas/backsaas/cmd/backsaas/internal/cli/bootstrap.go:168.26,170.42 2 0
github.com/backsaas/backsaas/cmd/backsaas/internal/cli/bootstrap.go:170.42,172.4 1 0
github.com/backsaas/backsaas/cmd/backsaas/internal/cli/bootstrap.go:175.2,175.12 1 0
github.com/backsaas/backsaas/cmd/backsaas/internal/cli/bootstrap.go:178.33,192.2 2 0
github.com/backsaas/backsaas/cmd/backsaas/internal/cli/bootstrap.go:194.34,205.2 3 0
github.com/backsaas/backsaas/cmd/backsaas/internal/cli/bootstrap.go:207.30,221.2 2 0
github.com/backsaas/backsaas/cmd/backsaas/internal/cli/bootstrap.go:223.29,231.2 3 0
github.com/backsaas/backsaas/cmd/backsaas/internal/cli/bootstrap.go:233.32,242.2 4 0
github.com/backsaas/backsaas/cmd/backsaas/internal/cli/config.go:50.13,55.2 4 1
github.com/backsaas/backsaas/cmd/backsaas/internal/cli/config.go:66.61,86.28 8 1
github.com/backsaas/backsaas/cmd/backsaas/internal/cli/config.go:86.28,88.3 1 0
github.com/backsaas/backsaas/cmd/backsaas/internal/cli/config.go:88.8,90.3 1 1
github.com/backsaas/backsaas/cmd/backsaas/internal/cli/config.go:92.2,106.33 6 1
github.com/backsaas/backsaas/cmd/backsaas/internal/cli/config.go:106.33,108.18 2 1
github.com/backsaas/backsaas/cmd/backsaas/internal/cli/config.go:108.18,109.39 1 0
github.com/backsaas/backsaas/cmd/backsaas/internal/cli/config.go:109.39,111.5 1 0
github.com/backsaas/backsaas/cmd/backsaas/internal/cli/config.go:111.10,113.5 1 0
github.com/backsaas/backsaas/cmd/backsaas/internal/cli/config.go:114.9,116.4 1 1
github.com/backsaas/backsaas/cmd/backsaas/internal/cli/config.go:119.2,119.12 1 1
github.com/backsaas/backsaas/cmd/backsaas/internal/cli/config.go:122.60,139.21 6 1
github.com/backsaas/backsaas/cmd/backsaas/internal/cli/config.go:139.21,141.3 1 0
github.com/backsaas/backsaas/cmd/backsaas/internal/cli/config.go:144.2,144.13 1 1
github.com/backsaas/backsaas/cmd/backsaas/internal/cli/config.go:145.16,147.27 2 0
github.com/backsaas/backsaas/cmd/backsaas/internal/cli/config.go:147.27,149.4 1 0
github.com/backsaas/backsaas/cmd/backsaas/internal/cli/config.go:150.17,151.42 1 0
github.com/backsaas/backsaas/cmd/backsaas/internal/cli/config.go:151.42,153.4 1 0
github.com/backsaas/backsaas/cmd/backsaas/internal/cli/config.go:157.2,161.22 3 1
github.com/backsaas/backsaas/cmd/backsaas/internal/cli/config.go:161.22,164.17 2 1
github.com/backsaas/backsaas/cmd/backsaas/internal/cli/config.go:164.17,166.4 1 0
github.com/backsaas/backsaas/cmd/backsaas/internal/cli/config.go:167.3,167.53 1 1
github.com/backsaas/backsaas/cmd/backsaas/internal/cli/config.go:170.2,170.56 1 1
github.com/backsaas/backsaas/cmd/backsaas/internal/cli/config.go:170.56,172.3 1 0
github.com/backsaas/backsaas/cmd/backsaas/internal/cli/config.go:174.2,178.12 4 1
github.com/backsaas/backsaas/cmd/backsaas/internal/cli/config.go:181.61,186.16 4 0
github.com/backsaas/backsaas/cmd/backsaas/internal/cli/config.go:186.16,188.3 1 0
github.com/backsaas/backsaas/cmd/backsaas/internal/cli/config.go:190.2,193.47 2 0
github.com/backsaas/backsaas/cmd/backsaas/internal/cli/config.go:193.47,194.91 1 0
github.com/backsaas/backsaas/cmd/backsaas/internal/cli/config.go:194.91,197.4 2 0
github.com/backsaas/backsaas/cmd/backsaas/internal/cli/config.go:201.2,210.16 3 0
github.com/backsaas/backsaas/cmd/backsaas/internal/cli/config.go:210.16,212.3 1 0
github.com/backsaas/backsaas/cmd/backsaas/internal/cli/config.go:214.2,214.61 1 0
github.com/backsaas/backsaas/cmd/backsaas/internal/cli/config.go:214.61,216.3 1 0
github.com/backsaas/backsaas/cmd/backsaas/internal/cli/config.go:218.2,231.12 13 0
github.com/backsaas/backsaas/cmd/backsaas/internal/cli/config.go:234.65,250.32 4 0
github.com/backsaas/backsaas/cmd/backsaas/internal/cli/config.go:250.32,250.84 1 0
github.com/backsaas/backsaas/cmd/backsaas/internal/cli/config.go:251.33,251.91 1 0
github.com/backsaas/backsaas/cmd/backsaas/internal/cli/config.go:252.34,252.74 1 0
github.com/backsaas/backsaas/cmd/backsaas/internal/cli/config.go:256.2,257.41 2 0
github.com/backsaas/backsaas/cmd/backsaas/internal/cli/config.go:257.41,260.47 2 0
github.com/backsaas/backsaas/cmd/backsaas/internal/cli/config.go:260.47,264.4 3 0
github.com/backsaas/backsaas/cmd/backsaas/internal/cli/config.go:264.9,266.4 1 0
github.com/backsaas/backsaas/cmd/backsaas/internal/cli/config.go:269.2,270.14 2 0
github.com/backsaas/backsaas/cmd/backsaas/internal/cli/config.go:270.14,273.3 2 0
github.com/backsaas/backsaas/cmd/backsaas/internal/cli/config.go:273.8,276.3 2 0
github.com/backsaas/backsaas/cmd/backsaas/internal/cli/config.go:279.33,281.22 2 0
github.com/backsaas/backsaas/cmd/backsaas/internal/cli/config.go:281.22,283.3 1 0
github.com/backsaas/backsaas/cmd/backsaas/internal/cli/config.go:285.2,285.55 1 0
github.com/backsaas/backsaas/cmd/backsaas/internal/cli/config.go:285.55,287.3 1 0
github.com/backsaas/backsaas/cmd/backsaas/internal/cli/config.go:289.2,289.12 1 0
github.com/backsaas/backsaas/cmd/backsaas/internal/cli/config.go:292.45,293.15 1 0
github.com/backsaas/backsaas/cmd/backsaas/internal/cli/config.go:293.15,295.3 1 0
github.com/backsaas/backsaas/cmd/backsaas/internal/cli/config.go:298.2,298.79 1 0
github.com/backsaas/backsaas/cmd/backsaas/internal/cli/config.go:298.79,300.3 1 0
github.com/backsaas/backsaas/cmd/backsaas/internal/cli/config.go:302.2,302.12 1 0
github.com/backsaas/backsaas/cmd/backsaas/internal/cli/config.go:305.42,307.18 2 0
github.com/backsaas/backsaas/cmd/backsaas/internal/cli/config.go:307.18,309.3 1 0
github.com/backsaas/backsaas/cmd/backsaas/internal/cli/config.go:311.2,311.27 1 0
github.com/backsaas/backsaas/cmd/backsaas/internal/cli/config.go:311.27,313.3 1 0
github.com/backsaas/backsaas/cmd/backsaas/internal/cli/config.go:315.2,315.12 1 0
github.com/backsaas/backsaas/cmd/backsaas/internal/cli/config.go:318.35,325.26 2 0
github.com/backsaas/backsaas/cmd/backsaas/internal/cli/config.go:325.26,327.42 2 0
github.com/backsaas/backsaas/cmd/backsaas/internal/cli/config.go:327.42,329.4 1 0
github.com/backsaas/backsaas/cmd/backsaas/internal/cli/config.go:332.2,332.12 1 0
github.com/backsaas/backsaas/cmd/backsaas/internal/cli/dashboard.go:33.13,36.2 2 1
github.com/backsaas/backsaas/cmd/backsaas/internal/cli/dashboard.go:79.60,87.12 5 0
github.com/backsaas/backsaas/cmd/backsaas/internal/cli/dashboard.go:87.12,90.3 2 0
github.com/backsaas/backsaas/cmd/backsaas/internal/cli/dashboard.go:93.2,105.43 9 0
github.com/backsaas/backsaas/cmd/backsaas/internal/cli/dashboard.go:105.43,107.3 1 0
github.com/backsaas/backsaas/cmd/backsaas/internal/cli/dashboard.go:110.2,110.6 1 0
github.com/backsaas/backsaas/cmd/backsaas/internal/cli/dashboard.go:110.6,111.10 1 0
github.com/backsaas/backsaas/cmd/backsaas/internal/cli/dashboard.go:112.21,114.14 2 0
github.com/backsaas/backsaas/cmd/backsaas/internal/cli/dashboard.go:115.19,116.45 1 0
github.com/backsaas/backsaas/cmd/backsaas/internal/cli/dashboard.go:116.45,118.5 1 0
github.com/backsaas/backsaas/cmd/backsaas/internal/cli/dashboard.go:123.31,128.16 3 0
github.com/backsaas/backsaas/cmd/backsaas/internal/cli/dashboard.go:128.16,130.3 1 0
github.com/backsaas/backsaas/cmd/backsaas/internal/cli/dashboard.go:133.2,156.12 13 0
github.com/backsaas/backsaas/cmd/backsaas/internal/cli/dashboard.go:159.53,171.26 3 0
github.com/backsaas/backsaas/cmd/backsaas/internal/cli/dashboard.go:171.26,173.3 1 0
github.com/backsaas/backsaas/cmd/backsaas/internal/cli/dashboard.go:174.2,215.18 5 0
github.com/backsaas/backsaas/cmd/backsaas/internal/cli/dashboard.go:218.53,223.35 4 0
github.com/backsaas/backsaas/cmd/backsaas/internal/cli/dashboard.go:223.35,225.42 2 0
github.com/backsaas/backsaas/cmd/backsaas/internal/cli/dashboard.go:225.42,228.4 2 0
github.com/backsaas/backsaas/cmd/backsaas/internal/cli/dashboard.go:228.9,230.4 1 0
github.com/backsaas/backsaas/cmd/backsaas/internal/cli/dashboard.go:234.2,234.30 1 0
github.com/backsaas/backsaas/cmd/backsaas/internal/cli/dashboard.go:234.30,236.3 1 0
github.com/backsaas/backsaas/cmd/backsaas/internal/cli/dashboard.go:236.8,238.3 1 0
github.com/backsaas/backsaas/cmd/backsaas/internal/cli/dashboard.go:241.44,255.2 4 0
github.com/backsaas/backsaas/cmd/backsaas/internal/cli/dashboard.go:257.44,268.56 4 0
github.com/backsaas/backsaas/cmd/backsaas/internal/cli/dashboard.go:268.56,270.49 2 0
github.com/backsaas/backsaas/cmd/backsaas/internal/cli/dashboard.go:270.49,271.14 1 0
github.com/backsaas/backsaas/cmd/backsaas/internal/cli/dashboard.go:271.14,272.10 1 0
github.com/backsaas/backsaas/cmd/backsaas/internal/cli/dashboard.go:274.4,274.36 1 0
github.com/backsaas/backsaas/cmd/backsaas/internal/cli/dashboard.go:279.46,288.55 4 0
github.com/backsaas/backsaas/cmd/backsaas/internal/cli/dashboard.go:288.55,290.48 2 0
github.com/backsaas/backsaas/cmd/backsaas/internal/cli/dashboard.go:290.48,291.14 1 0
github.com/backsaas/backsaas/cmd/backsaas/internal/cli/dashboard.go:291.14,292.10 1 0
github.com/backsaas/backsaas/cmd/backsaas/internal/cli/dashboard.go:294.4,298.37 1 0
github.com/backsaas/backsaas/cmd/backsaas/internal/cli/dashboard.go:303.45,304.17 1 0
github.com/backsaas/backsaas/cmd/backsaas/internal/cli/dashboard.go:304.17,306.3 1 0
github.com/backsaas/backsaas/cmd/backsaas/internal/cli/dashboard.go:306.8,306.24 1 0
github.com/backsaas/backsaas/cmd/backsaas/internal/cli/dashboard.go:306.24,308.3 1 0
github.com/backsaas/backsaas/cmd/backsaas/internal/cli/dashboard.go:308.8,310.3 1 0
github.com/backsaas/backsaas/cmd/backsaas/internal/cli/dashboard.go:313.53,314.21 1 0
github.com/backsaas/backsaas/cmd/backsaas/internal/cli/dashboard.go:314.21,316.3 1 0
github.com/backsaas/backsaas/cmd/backsaas/internal/cli/dashboard.go:316.8,316.28 1 0
github.com/backsaas/backsaas/cmd/backsaas/internal/cli/dashboard.go:316.28,318.3 1 0
github.com/backsaas/backsaas/cmd/backsaas/internal/cli/dashboard.go:318.8,320.3 1 0
github.com/backsaas/backsaas/cmd/backsaas/internal/cli/dashboard.go:324.52,334.16 5 0
github.com/backsaas/backsaas/cmd/backsaas/internal/cli/dashboard.go:334.16,338.3 3 0
github.com/backsaas/backsaas/cmd/backsaas/internal/cli/dashboard.go:339.2,341.53 2 0
github.com/backsaas/backsaas/cmd/backsaas/internal/cli/dashboard.go:341.53,344.3 2 0
github.com/backsaas/backsaas/cmd/backsaas/internal/cli/dashboard.go:344.8,347.3 2 0
github.com/backsaas/backsaas/cmd/backsaas/internal/cli/dashboard.go:350.39,351.19 1 0
github.com/backsaas/backsaas/cmd/backsaas/internal/cli/dashboard.go:351.19,353.3 1 0
github.com/backsaas/backsaas/cmd/backsaas/internal/cli/dashboard.go:354.2,354.12 1 0
github.com/backsaas/backsaas/cmd/backsaas/internal/cli/health.go:33.13,38.2 3 1
github.com/backsaas/backsaas/cmd/backsaas/internal/cli/health.go:48.62,65.25 2 0
github.com/backsaas/backsaas/cmd/backsaas/internal/cli/health.go:65.25,67.36 2 0
github.com/backsaas/backsaas/cmd/backsaas/internal/cli/health.go:67.36,68.25 1 0
github.com/backsaas/backsaas/cmd/backsaas/internal/cli/health.go:69.19,70.75 1 0
github.com/backsaas/backsaas/cmd/backsaas/internal/cli/health.go:70.75,72.6 1 0
github.com/backsaas/backsaas/cmd/backsaas/internal/cli/health.go:73.24,74.39 1 0
github.com/backsaas/backsaas/cmd/backsaas/internal/cli/health.go:74.39,76.6 1 0
github.com/backsaas/backsaas/cmd/backsaas/internal/cli/health.go:79.3,79.30 1 0
github.com/backsaas/backsaas/cmd/backsaas/internal/cli/health.go:82.2,86.26 3 0
github.com/backsaas/backsaas/cmd/backsaas/internal/cli/health.go:86.26,88.3 1 0
github.com/backsaas/backsaas/cmd/backsaas/internal/cli/health.go:91.2,95.35 3 0
github.com/backsaas/backsaas/cmd/backsaas/internal/cli/health.go:95.35,96.38 1 0
github.com/backsaas/backsaas/cmd/backsaas/internal/cli/health.go:96.38,98.4 1 0
github.com/backsaas/backsaas/cmd/backsaas/internal/cli/health.go:101.2,103.30 2 0
github.com/backsaas/backsaas/cmd/backsaas/internal/cli/health.go:103.30,106.3 2 0
github.com/backsaas/backsaas/cmd/backsaas/internal/cli/health.go:106.8,109.3 2 0
github.com/backsaas/backsaas/cmd/backsaas/internal/cli/health.go:112.43,122.16 5 0
github.com/backsaas/backsaas/cmd/backsaas/internal/cli/health.go:122.16,126.3 3 0
github.com/backsaas/backsaas/cmd/backsaas/internal/cli/health.go:127.2,129.53 2 0
github.com/backsaas/backsaas/cmd/backsaas/internal/cli/health.go:129.53,132.3 2 0
github.com/backsaas/backsaas/cmd/backsaas/internal/cli/health.go:132.8,135.3 2 0
github.com/backsaas/backsaas/cmd/backsaas/internal/cli/health.go:138.51,145.35 6 0
github.com/backsaas/backsaas/cmd/backsaas/internal/cli/health.go:145.35,154.3 2 0
github.com/backsaas/backsaas/cmd/backsaas/internal/cli/health.go:156.2,156.16 1 0
github.com/backsaas/backsaas/cmd/backsaas/internal/cli/root.go:43.22,45.2 1 0
github.com/backsaas/backsaas/cmd/backsaas/internal/cli/root.go:47.13,69.2 15 1
github.com/backsaas/backsaas/cmd/backsaas/internal/cli/root.go:72.19,73.19 1 0
github.com/backsaas/backsaas/cmd/backsaas/internal/cli/root.go:73.19,76.3 1 0
github.com/backsaas/backsaas/cmd/backsaas/internal/cli/root.go:76.8,86.3 6 0
github.com/backsaas/backsaas/cmd/backsaas/internal/cli/root.go:89.2,98.56 6 0
github.com/backsaas/backsaas/cmd/backsaas/internal/cli/root.go:98.56,100.3 1 0
github.com/backsaas/backsaas/cmd/backsaas/internal/cli/schema.go:58.13,73.2 10 1
github.com/backsaas/backsaas/cmd/backsaas/internal/cli/schema.go:112.65,119.55 4 0
github.com/backsaas/backsaas/cmd/backsaas/internal/cli/schema.go:119.55,121.3 1 0
github.com/backsaas/backsaas/cmd/backsaas/internal/cli/schema.go:124.2,125.16 2 0
github.com/backsaas/backsaas/cmd/backsaas/internal/cli/schema.go:125.16,128.3 2 0
github.com/backsaas/backsaas/cmd/backsaas/internal/cli/schema.go:130.2,146.41 6 0
github.com/backsaas/backsaas/cmd/backsaas/internal/cli/schema.go:146.41,149.53 2 0
github.com/backsaas/backsaas/cmd/backsaas/internal/cli/schema.go:149.53,153.4 3 0
github.com/backsaas/backsaas/cmd/backsaas/internal/cli/schema.go:153.9,155.4 1 0
github.com/backsaas/backsaas/cmd/backsaas/internal/cli/schema.go:158.2,159.14 2 0
github.com/backsaas/backsaas/cmd/backsaas/internal/cli/schema.go:159.14,164.3 4 0
github.com/backsaas/backsaas/cmd/backsaas/internal/cli/schema.go:164.8,167.3 2 0
github.com/backsaas/backsaas/cmd/backsaas/internal/cli/schema.go:170.63,178.16 5 0
github.com/backsaas/backsaas/cmd/backsaas/internal/cli/schema.go:178.16,180.3 1 0
github.com/backsaas/backsaas/cmd/backsaas/internal/cli/schema.go:182.2,187.18 5 0
github.com/backsaas/backsaas/cmd/backsaas/internal/cli/schema.go:187.18,190.3 2 0
github.com/backsaas/backsaas/cmd/backsaas/internal/cli/schema.go:193.2,198.40 3 0
github.com/backsaas/backsaas/cmd/backsaas/internal/cli/schema.go:198.40,202.50 3 0
github.com/backsaas/backsaas/cmd/backsaas/internal/cli/schema.go:202.50,205.4 2 0
github.com/backsaas/backsaas/cmd/backsaas/internal/cli/schema.go:208.2,208.34 1 0
github.com/backsaas/backsaas/cmd/backsaas/internal/cli/schema.go:208.34,209.44 1 0
github.com/backsaas/backsaas/cmd/backsaas/internal/cli/schema.go:209.44,212.4 2 0
github.com/backsaas/backsaas/cmd/backsaas/internal/cli/schema.go:216.2,227.29 3 0
github.com/backsaas/backsaas/cmd/backsaas/internal/cli/schema.go:227.29,231.3 2 0
github.com/backsaas/backsaas/cmd/backsaas/internal/cli/schema.go:233.2,238.12 5 0
github.com/backsaas/backsaas/cmd/backsaas/internal/cli/schema.go:241.61,279.33 7 0
github.com/backsaas/backsaas/cmd/backsaas/internal/cli/schema.go:279.33,281.25 2 0
github.com/backsaas/backsaas/cmd/backsaas/internal/cli/schema.go:281.25,283.4 1 0
github.com/backsaas/backsaas/cmd/backsaas/internal/cli/schema.go:285.3,292.5 1 0
github.com/backsaas/backsaas/cmd/backsaas/internal/cli/schema.go:295.2,298.12 3 0
github.com/backsaas/backsaas/cmd/backsaas/internal/cli/schema.go:301.61,309.16 6 0
github.com/backsaas/backsaas/cmd/backsaas/internal/cli/schema.go:309.16,311.3 1 0
github.com/backsaas/backsaas/cmd/backsaas/internal/cli/schema.go:313.2,314.16 2 0
github.com/backsaas/backsaas/cmd/backsaas/internal/cli/schema.go:314.16,316.3 1 0
github.com/backsaas/backsaas/cmd/backsaas/internal/cli/schema.go:318.2,328.31 6 0
github.com/backsaas/backsaas/cmd/backsaas/internal/cli/schema.go:328.31,330.3 1 0
github.com/backsaas/backsaas/cmd/backsaas/internal/cli/schema.go:330.8,330.38 1 0
github.com/backsaas/backsaas/cmd/backsaas/internal/cli/schema.go:330.38,332.3 1 0
github.com/backsaas/backsaas/cmd/backsaas/internal/cli/schema.go:332.8,334.3 1 0
github.com/backsaas/backsaas/cmd/backsaas/internal/cli/schema.go:337.2,340.12 3 0
github.com/backsaas/backsaas/cmd/backsaas/internal/cli/schema.go:348.55,350.16 2 0
github.com/backsaas/backsaas/cmd/backsaas/internal/cli/schema.go:350.16,352.3 1 0
github.com/backsaas/backsaas/cmd/backsaas/internal/cli/schema.go:354.2,355.54 2 0
github.com/backsaas/backsaas/cmd/backsaas/internal/cli/schema.go:355.54,357.3 1 0
github.com/backsaas/backsaas/cmd/backsaas/internal/cli/schema.go:359.2,359.21 1 0
github.com/backsaas/backsaas/cmd/backsaas/internal/cli/schema.go:362.47,365.2 1 0
github.com/backsaas/backsaas/cmd/backsaas/internal/cli/schema.go:367.52,368.23 1 0
github.com/backsaas/backsaas/cmd/backsaas/internal/cli/schema.go:368.23,370.3 1 0
github.com/backsaas/backsaas/cmd/backsaas/internal/cli/schema.go:371.2,371.26 1 0
github.com/backsaas/backsaas/cmd/backsaas/internal/cli/schema.go:371.26,373.3 1 0
github.com/backsaas/backsaas/cmd/backsaas/internal/cli/schema.go:374.2,374.31 1 0
github.com/backsaas/backsaas/cmd/backsaas/internal/cli/schema.go:374.31,376.3 1 0
github.com/backsaas/backsaas/cmd/backsaas/internal/cli/schema.go:377.2,377.12 1 0
github.com/backsaas/backsaas/cmd/backsaas/internal/cli/schema.go:380.45,381.50 1 0
github.com/backsaas/backsaas/cmd/backsaas/internal/cli/schema.go:381.50,382.30 1 0
github.com/backsaas/backsaas/cmd/backsaas/internal/cli/schema.go:382.30,384.4 1 0
github.com/backsaas/backsaas/cmd/backsaas/internal/cli/schema.go:387.3,387.46 1 0
github.com/backsaas/backsaas/cmd/backsaas/internal/cli/schema.go:387.46,389.4 1 0
github.com/backsaas/backsaas/cmd/backsaas/internal/cli/schema.go:391.2,391.12 1 0
github.com/backsaas/backsaas/cmd/backsaas/internal/cli/schema.go:394.47,401.50 2 0
github.com/backsaas/backsaas/cmd/backsaas/internal/cli/schema.go:401.50,402.47 1 0
github.com/backsaas/backsaas/cmd/backsaas/internal/cli/schema.go:402.47,403.31 1 0
github.com/backsaas/backsaas/cmd/backsaas/internal/cli/schema.go:403.31,406.5 1 0
github.com/backsaas/backsaas/cmd/backsaas/internal/cli/schema.go:409.2,409.12 1 0
github.com/backsaas/backsaas/cmd/backsaas/internal/cli/schema.go:412.50,415.2 1 0
github.com/backsaas/backsaas/cmd/backsaas/internal/cli/schema.go:417.46,422.51 2 0
github.com/backsaas/backsaas/cmd/backsaas/internal/cli/schema.go:422.51,423.41 1 0
github.com/backsaas/backsaas/cmd/backsaas/internal/cli/schema.go:423.41,425.4 1 0
github.com/backsaas/backsaas/cmd/backsaas/internal/cli/schema.go:427.2,427.12 1 0
github.com/backsaas/backsaas/cmd/backsaas/internal/cli/schema.go:430.45,433.2 1 0
github.com/backsaas/backsaas/cmd/backsaas/internal/cli/tenant.go:58.13,74.2 9 1
github.com/backsaas/backsaas/cmd/backsaas/internal/cli/tenant.go:89.61,123.22 4 1
github.com/backsaas/backsaas/cmd/backsaas/internal/cli/tenant.go:123.22,127.3 2 0
github.com/backsaas/backsaas/cmd/backsaas/internal/cli/tenant.go:130.2,136.33 6 1
github.com/backsaas/backsaas/cmd/backsaas/internal/cli/tenant.go:136.33,138.19 2 1
github.com/backsaas/backsaas/cmd/backsaas/internal/cli/tenant.go:138.19,140.4 1 1
github.com/backsaas/backsaas/cmd/backsaas/internal/cli/tenant.go:142.3,143.25 2 1
github.com/backsaas/backsaas/cmd/backsaas/internal/cli/tenant.go:143.25,145.4 1 1
github.com/backsaas/backsaas/cmd/backsaas/internal/cli/tenant.go:147.3,156.5 1 1
github.com/backsaas/backsaas/cmd/backsaas/internal/cli/tenant.go:159.2,162.12 3 1
github.com/backsaas/backsaas/cmd/backsaas/internal/cli/tenant.go:165.63,179.24 9 0
github.com/backsaas/backsaas/cmd/backsaas/internal/cli/tenant.go:179.24,181.3 1 0
github.com/backsaas/backsaas/cmd/backsaas/internal/cli/tenant.go:183.2,183.18 1 0
github.com/backsaas/backsaas/cmd/backsaas/internal/cli/tenant.go:183.18,184.46 1 0
github.com/backsaas/backsaas/cmd/backsaas/internal/cli/tenant.go:184.46,187.4 2 0
github.com/backsaas/backsaas/cmd/backsaas/internal/cli/tenant.go:199.2,208.24 3 0
github.com/backsaas/backsaas/cmd/backsaas/internal/cli/tenant.go:208.24,210.3 1 0
github.com/backsaas/backsaas/cmd/backsaas/internal/cli/tenant.go:212.2,212.29 1 0
github.com/backsaas/backsaas/cmd/backsaas/internal/cli/tenant.go:212.29,216.3 2 0
github.com/backsaas/backsaas/cmd/backsaas/internal/cli/tenant.go:218.2,223.12 5 0
github.com/backsaas/backsaas/cmd/backsaas/internal/cli/tenant.go:226.61,236.26 4 0
github.com/backsaas/backsaas/cmd/backsaas/internal/cli/tenant.go:236.26,245.3 8 0
github.com/backsaas/backsaas/cmd/backsaas/internal/cli/tenant.go:245.8,248.3 2 0
github.com/backsaas/backsaas/cmd/backsaas/internal/cli/tenant.go:250.2,250.12 1 0
github.com/backsaas/backsaas/cmd/backsaas/internal/cli/tenant.go:253.63,259.26 4 0
github.com/backsaas/backsaas/cmd/backsaas/internal/cli/tenant.go:259.26,261.3 1 0
github.com/backsaas/backsaas/cmd/backsaas/internal/cli/tenant.go:263.2,266.18 3 0
github.com/backsaas/backsaas/cmd/backsaas/internal/cli/tenant.go:266.18,267.71 1 0
github.com/backsaas/backsaas/cmd/backsaas/internal/cli/tenant.go:267.71,270.4 2 0
github.com/backsaas/backsaas/cmd/backsaas/internal/cli/tenant.go:273.3,273.55 1 0
github.com/backsaas/backsaas/cmd/backsaas/internal/cli/tenant.go:273.55,276.4 2 0
github.com/backsaas/backsaas/cmd/backsaas/internal/cli/tenant.go:280.2,290.29 3 0
github.com/backsaas/backsaas/cmd/backsaas/internal/cli/tenant.go:290.29,294.3 2 0
github.com/backsaas/backsaas/cmd/backsaas/internal/cli/tenant.go:296.2,298.12 2 0
github.com/backsaas/backsaas/cmd/backsaas/internal/cli/tenant.go:301.39,309.25 5 0
github.com/backsaas/backsaas/cmd/backsaas/internal/cli/tenant.go:309.25,310.67 1 0
github.com/backsaas/backsaas/cmd/backsaas/internal/cli/tenant.go:310.67,312.4 1 0
github.com/backsaas/backsaas/cmd/backsaas/internal/cli/tenant.go:315.2,315.23 1 0
github.com/backsaas/backsaas/cmd/backsaas/internal/cli/test.go:100.13,131.2 22 1
github.com/backsaas/backsaas/cmd/backsaas/internal/cli/test.go:133.64,156.63 10 0
github.com/backsaas/backsaas/cmd/backsaas/internal/cli/test.go:156.63,159.3 2 0
github.com/backsaas/backsaas/cmd/backsaas/internal/cli/test.go:161.2,162.12 2 0
github.com/backsaas/backsaas/cmd/backsaas/internal/cli/test.go:165.71,175.22 7 0
github.com/backsaas/backsaas/cmd/backsaas/internal/cli/test.go:175.22,177.3 1 0
github.com/backsaas/backsaas/cmd/backsaas/internal/cli/test.go:179.2,187.61 2 0
github.com/backsaas/backsaas/cmd/backsaas/internal/cli/test.go:187.61,190.3 2 0
github.com/backsaas/backsaas/cmd/backsaas/internal/cli/test.go:192.2,193.12 2 0
github.com/backsaas/backsaas/cmd/backsaas/internal/cli/test.go:196.59,205.18 7 0
github.com/backsaas/backsaas/cmd/backsaas/internal/cli/test.go:205.18,207.3 1 0
github.com/backsaas/backsaas/cmd/backsaas/internal/cli/test.go:209.2,217.49 2 0
github.com/backsaas/backsaas/cmd/backsaas/internal/cli/test.go:217.49,220.3 2 0
github.com/backsaas/backsaas/cmd/backsaas/internal/cli/test.go:222.2,223.12 2 0
github.com/backsaas/backsaas/cmd/backsaas/internal/cli/test.go:226.62,241.52 7 0
github.com/backsaas/backsaas/cmd/backsaas/internal/cli/test.go:241.52,244.3 2 0
github.com/backsaas/backsaas/cmd/backsaas/internal/cli/test.go:246.2,247.12 2 0
github.com/backsaas/backsaas/cmd/backsaas/internal/cli/test.go:285.49,294.2 5 0
github.com/backsaas/backsaas/cmd/backsaas/internal/cli/test.go:297.55,306.2 5 0
github.com/backsaas/backsaas/cmd/backsaas/internal/cli/test_platform.go:10.68,36.35 9 0
github.com/backsaas/backsaas/cmd/backsaas/internal/cli/test_platform.go:36.35,41.39 4 0
github.com/backsaas/backsaas/cmd/backsaas/internal/cli/test_platform.go:41.39,43.4 1 0
github.com/backsaas/backsaas/cmd/backsaas/internal/cli/test_platform.go:44.3,46.56 2 0
github.com/backsaas/backsaas/cmd/backsaas/internal/cli/test_platform.go:50.2,57.12 7 0
github.com/backsaas/backsaas/cmd/backsaas/internal/cli/test_platform.go:61.57,65.70 2 0
github.com/backsaas/backsaas/cmd/backsaas/internal/cli/test_platform.go:65.70,67.3 1 0
github.com/backsaas/backsaas/cmd/backsaas/internal/cli/test_platform.go:70.2,70.65 1 0
github.com/backsaas/backsaas/cmd/backsaas/internal/cli/test_platform.go:70.65,72.3 1 0
github.com/backsaas/backsaas/cmd/backsaas/internal/cli/test_platform.go:75.2,75.51 1 0
github.com/backsaas/backsaas/cmd/backsaas/internal/cli/test_platform.go:75.51,77.3 1 0
github.com/backsaas/backsaas/cmd/backsaas/internal/cli/test_platform.go:80.2,80.48 1 0
github.com/backsaas/backsaas/cmd/backsaas/internal/cli/test_platform.go:80.48,82.3 1 0
github.com/backsaas/backsaas/cmd/backsaas/internal/cli/test_platform.go:84.2,85.12 2 0
github.com/backsaas/backsaas/cmd/backsaas/internal/cli/test_platform.go:89.57,93.50 2 0
github.com/backsaas/backsaas/cmd/backsaas/internal/cli/test_platform.go:93.50,95.3 1 0
github.com/backsaas/backsaas/cmd/backsaas/internal/cli/test_platform.go:98.2,98.46 1 0
github.com/backsaas/backsaas/cmd/backsaas/internal/cli/test_platform.go:98.46,100.3 1 0
github.com/backsaas/backsaas/cmd/backsaas/internal/cli/test_platform.go:102.2,103.12 2 0
github.com/backsaas/backsaas/cmd/backsaas/internal/cli/test_platform.go:107.59,111.31 2 0
github.com/backsaas/backsaas/cmd/backsaas/internal/cli/test_platform.go:111.31,113.3 1 0
github.com/backsaas/backsaas/cmd/backsaas/internal/cli/test_platform.go:116.2,117.55 2 0
github.com/backsaas/backsaas/cmd/backsaas/internal/cli/test_platform.go:121.69,127.45 4 0
github.com/backsaas/backsaas/cmd/backsaas/internal/cli/test_platform.go:127.45,129.28 2 0
github.com/backsaas/backsaas/cmd/backsaas/internal/cli/test_platform.go:129.28,132.73 3 0
github.com/backsaas/backsaas/cmd/backsaas/internal/cli/test_platform.go:132.73,134.5 1 0
github.com/backsaas/backsaas/cmd/backsaas/internal/cli/test_platform.go:138.2,142.27 3 0
github.com/backsaas/backsaas/cmd/backsaas/internal/cli/test_platform.go:142.27,144.3 1 0
github.com/backsaas/backsaas/cmd/backsaas/internal/cli/test_platform.go:146.2,147.12 2 0
github.com/backsaas/backsaas/cmd/backsaas/internal/cli/test_platform.go:151.83,152.17 1 0
github.com/backsaas/backsaas/cmd/backsaas/internal/cli/test_platform.go:152.17,154.3 1 0
github.com/backsaas/backsaas/cmd/backsaas/internal/cli/test_platform.go:157.2,157.53 1 0
github.com/backsaas/backsaas/cmd/backsaas/internal/cli/test_platform.go:157.53,159.3 1 0
github.com/backsaas/backsaas/cmd/backsaas/internal/cli/test_platform.go:162.2,162.55 1 0
github.com/backsaas/backsaas/cmd/backsaas/internal/cli/test_platform.go:162.55,164.3 1 0
github.com/backsaas/backsaas/cmd/backsaas/internal/cli/test_platform.go:167.2,167.26 1 0
github.com/backsaas/backsaas/cmd/backsaas/internal/cli/test_platform.go:167.26,168.74 1 0
github.com/backsaas/backsaas/cmd/backsaas/internal/cli/test_platform.go:168.74,170.4 1 0
github.com/backsaas/backsaas/cmd/backsaas/internal/cli/test_platform.go:174.2,174.57 1 0
github.com/backsaas/backsaas/cmd/backsaas/internal/cli/test_platform.go:174.57,176.3 1 0
github.com/backsaas/backsaas/cmd/backsaas/internal/cli/test_platform.go:179.2,179.17 1 0
github.com/backsaas/backsaas/cmd/backsaas/internal/cli/test_platform.go:179.17,180.50 1 0
github.com/backsaas/backsaas/cmd/backsaas/internal/cli/test_platform.go:180.50,182.4 1 0
github.com/backsaas/backsaas/cmd/backsaas/internal/cli/test_platform.go:185.2,185.17 1 0
github.com/backsaas/backsaas/cmd/backsaas/internal/cli/test_platform.go:185.17,187.3 1 0
github.com/backsaas/backsaas/cmd/backsaas/internal/cli/test_platform.go:189.2,189.12 1 0
github.com/backsaas/backsaas/cmd/backsaas/internal/cli/test_platform.go:193.59,197.47 2 0
github.com/backsaas/backsaas/cmd/backsaas/internal/cli/test_platform.go:197.47,199.3 1 0
github.com/backsaas/backsaas/cmd/backsaas/internal/cli/test_platform.go:202.2,202.47 1 0
github.com/backsaas/backsaas/cmd/backsaas/internal/cli/test_platform.go:202.47,204.3 1 0
github.com/backsaas/backsaas/cmd/backsaas/internal/cli/test_platform.go:206.2,207.12 2 0
github.com/backsaas/backsaas/cmd/backsaas/internal/cli/test_platform.go:211.57,215.43 2 0
github.com/backsaas/backsaas/cmd/backsaas/internal/cli/test_platform.go:215.43,217.3 1 0
github.com/backsaas/backsaas/cmd/backsaas/internal/cli/test_platform.go:220.2,220.45 1 0
github.com/backsaas/backsaas/cmd/backsaas/internal/cli/test_platform.go:220.45,222.3 1 0
github.com/backsaas/backsaas/cmd/backsaas/internal/cli/test_platform.go:224.2,225.12 2 0
github.com/backsaas/backsaas/cmd/backsaas/internal/cli/test_platform.go:229.56,233.45 2 0
github.com/backsaas/backsaas/cmd/backsaas/internal/cli/test_platform.go:233.45,235.3 1 0
github.com/backsaas/backsaas/cmd/backsaas/internal/cli/test_platform.go:238.2,238.45 1 0
github.com/backsaas/backsaas/cmd/backsaas/internal/cli/test_platform.go:238.45,240.3 1 0
github.com/backsaas/backsaas/cmd/backsaas/internal/cli/test_platform.go:242.2,243.12 2 0
github.com/backsaas/backsaas/cmd/backsaas/internal/cli/test_platform.go:247.58,251.53 2 0
github.com/backsaas/backsaas/cmd/backsaas/internal/cli/test_platform.go:251.53,253.3 1 0
github.com/backsaas/backsaas/cmd/backsaas/internal/cli/test_platform.go:256.2,256.50 1 0
github.com/backsaas/backsaas/cmd/backsaas/internal/cli/test_platform.go:256.50,258.3 1 0
github.com/backsaas/backsaas/cmd/backsaas/internal/cli/test_platform.go:260.2,261.12 2 0
github.com/backsaas/backsaas/cmd/backsaas/internal/cli/test_platform.go:265.54,269.44 2 0
github.com/backsaas/backsaas/cmd/backsaas/internal/cli/test_platform.go:269.44,271.3 1 0
github.com/backsaas/backsaas/cmd/backsaas/internal/cli/test_platform.go:274.2,274.51 1 0
github.com/backsaas/backsaas/cmd/backsaas/internal/cli/test_platform.go:274.51,276.3 1 0
github.com/backsaas/backsaas/cmd/backsaas/internal/cli/test_platform.go:278.2,279.12 2 0
github.com/backsaas/backsaas/cmd/backsaas/internal/cli/test_platform.go:283.50,287.67 2 0
github.com/backsaas/backsaas/cmd/backsaas/internal/cli/test_platform.go:287.67,289.3 1 0
github.com/backsaas/backsaas/cmd/backsaas/internal/cli/test_platform.go:291.2,292.12 2 0
github.com/backsaas/backsaas/cmd/backsaas/internal/cli/test_platform.go:297.57,301.2 2 0
github.com/backsaas/backsaas/cmd/backsaas/internal/cli/test_platform.go:303.39,306.2 2 0
github.com/backsaas/backsaas/cmd/backsaas/internal/cli/test_platform.go:308.36,311.2 2 0
github.com/backsaas/backsaas/cmd/backsaas/internal/cli/test_platform.go:313.38,316.2 2 0
github.com/backsaas/backsaas/cmd/backsaas/internal/cli/test_platform.go:318.34,321.2 2 0
github.com/backsaas/backsaas/cmd/backsaas/internal/cli/test_platform.go:323.42,326.2 2 0
github.com/backsaas/backsaas/cmd/backsaas/internal/cli/test_platform.go:328.44,331.2 2 0
github.com/backsaas/backsaas/cmd/backsaas/internal/cli/test_platform.go:333.56,336.2 2 0
github.com/backsaas/backsaas/cmd/backsaas/internal/cli/test_platform.go:338.48,341.2 2 0
github.com/backsaas/backsaas/cmd/backsaas/internal/cli/test_platform.go:343.38,346.2 2 0
github.com/backsaas/backsaas/cmd/backsaas/internal/cli/test_platform.go:348.35,351.2 2 0
github.com/backsaas/backsaas/cmd/backsaas/internal/cli/test_platform.go:353.35,356.2 2 0
github.com/backsaas/backsaas/cmd/backsaas/internal/cli/test_platform.go:358.31,361.2 2 0
github.com/backsaas/backsaas/cmd/backsaas/internal/cli/test_platform.go:363.33,366.2 2 0
github.com/backsaas/backsaas/cmd/backsaas/internal/cli/test_platform.go:368.33,371.2 2 0
github.com/backsaas/backsaas/cmd/backsaas/internal/cli/test_platform.go:373.33,376.2 2 0
github.com/backsaas/backsaas/cmd/backsaas/internal/cli/test_platform.go:378.41,381.2 2 0
github.com/backsaas/backsaas/cmd/backsaas/internal/cli/test_platform.go:383.38,386.2 2 0
github.com/backsaas/backsaas/cmd/backsaas/internal/cli/test_platform.go:388.32,391.2 2 0
github.com/backsaas/backsaas/cmd/backsaas/internal/cli/test_platform.go:393.39,396.2 2 0
github.com/backsaas/backsaas/cmd/backsaas/internal/cli/test_platform.go:398.54,401.2 2 0
github.com/backsaas/backsaas/cmd/backsaas/internal/cli/test_tenant_lifecycle.go:9.73,37.40 8 0
github.com/backsaas/backsaas/cmd/backsaas/internal/cli/test_tenant_lifecycle.go:37.40,42.39 4 0
github.com/backsaas/backsaas/cmd/backsaas/internal/cli/test_tenant_lifecycle.go:42.39,44.60 1 0
github.com/backsaas/backsaas/cmd/backsaas/internal/cli/test_tenant_lifecycle.go:44.60,46.5 1 0
github.com/backsaas/backsaas/cmd/backsaas/internal/cli/test_tenant_lifecycle.go:46.10,48.5 1 0
github.com/backsaas/backsaas/cmd/backsaas/internal/cli/test_tenant_lifecycle.go:50.3,52.56 2 0
github.com/backsaas/backsaas/cmd/backsaas/internal/cli/test_tenant_lifecycle.go:56.2,62.20 7 0
github.com/backsaas/backsaas/cmd/backsaas/internal/cli/test_tenant_lifecycle.go:62.20,64.3 1 0
github.com/backsaas/backsaas/cmd/backsaas/internal/cli/test_tenant_lifecycle.go:66.2,66.12 1 0
github.com/backsaas/backsaas/cmd/backsaas/internal/cli/test_tenant_lifecycle.go:70.67,74.53 2 0
github.com/backsaas/backsaas/cmd/backsaas/internal/cli/test_tenant_lifecycle.go:74.53,76.3 1 0
github.com/backsaas/backsaas/cmd/backsaas/internal/cli/test_tenant_lifecycle.go:79.2,79.47 1 0
github.com/backsaas/backsaas/cmd/backsaas/internal/cli/test_tenant_lifecycle.go:79.47,81.3 1 0
github.com/backsaas/backsaas/cmd/backsaas/internal/cli/test_tenant_lifecycle.go:84.2,84.26 1 0
github.com/backsaas/backsaas/cmd/backsaas/internal/cli/test_tenant_lifecycle.go:84.26,85.60 1 0
github.com/backsaas/backsaas/cmd/backsaas/internal/cli/test_tenant_lifecycle.go:85.60,87.4 1 0
github.com/backsaas/backsaas/cmd/backsaas/internal/cli/test_tenant_lifecycle.go:91.2,91.66 1 0
github.com/backsaas/backsaas/cmd/backsaas/internal/cli/test_tenant_lifecycle.go:91.66,93.3 1 0
github.com/backsaas/backsaas/cmd/backsaas/internal/cli/test_tenant_lifecycle.go:95.2,96.12 2 0
github.com/backsaas/backsaas/cmd/backsaas/internal/cli/test_tenant_lifecycle.go:100.65,104.82 2 0
github.com/backsaas/backsaas/cmd/backsaas/internal/cli/test_tenant_lifecycle.go:104.82,106.3 1 0
github.com/backsaas/backsaas/cmd/backsaas/internal/cli/test_tenant_lifecycle.go:109.2,109.60 1 0
github.com/backsaas/backsaas/cmd/backsaas/internal/cli/test_tenant_lifecycle.go:109.60,111.3 1 0
github.com/backsaas/backsaas/cmd/backsaas/internal/cli/test_tenant_lifecycle.go:114.2,114.69 1 0
github.com/backsaas/backsaas/cmd/backsaas/internal/cli/test_tenant_lifecycle.go:114.69,116.3 1 0
github.com/backsaas/backsaas/cmd/backsaas/internal/cli/test_tenant_lifecycle.go:118.2,119.12 2 0
github.com/backsaas/backsaas/cmd/backsaas/internal/cli/test_tenant_lifecycle.go:123.70,135.71 3 0
github.com/backsaas/backsaas/cmd/backsaas/internal/cli/test_tenant_lifecycle.go:135.71,137.3 1 0
github.com/backsaas/backsaas/cmd/backsaas/internal/cli/test_tenant_lifecycle.go:140.2,140.71 1 0
github.com/backsaas/backsaas/cmd/backsaas/internal/cli/test_tenant_lifecycle.go:140.71,142.3 1 0
github.com/backsaas/backsaas/cmd/backsaas/internal/cli/test_tenant_lifecycle.go:144.2,145.12 2 0
github.com/backsaas/backsaas/cmd/backsaas/internal/cli/test_tenant_lifecycle.go:149.73,153.22 3 0
github.com/backsaas/backsaas/cmd/backsaas/internal/cli/test_tenant_lifecycle.go:153.22,156.3 1 0
github.com/backsaas/backsaas/cmd/backsaas/internal/cli/test_tenant_lifecycle.go:159.2,159.65 1 0
github.com/backsaas/backsaas/cmd/backsaas/internal/cli/test_tenant_lifecycle.go:159.65,161.3 1 0
github.com/backsaas/backsaas/cmd/backsaas/internal/cli/test_tenant_lifecycle.go:164.2,164.75 1 0
github.com/backsaas/backsaas/cmd/backsaas/internal/cli/test_tenant_lifecycle.go:164.75,166.3 1 0
github.com/backsaas/backsaas/cmd/backsaas/internal/cli/test_tenant_lifecycle.go:169.2,169.64 1 0
github.com/backsaas/backsaas/cmd/backsaas/internal/cli/test_tenant_lifecycle.go:169.64,171.3 1 0
github.com/backsaas/backsaas/cmd/backsaas/internal/cli/test_tenant_lifecycle.go:173.2,174.12 2 0
github.com/backsaas/backsaas/cmd/backsaas/internal/cli/test_tenant_lifecycle.go:178.71,192.33 3 0
github.com/backsaas/backsaas/cmd/backsaas/internal/cli/test_tenant_lifecycle.go:192.33,193.81 1 0
github.com/backsaas/backsaas/cmd/backsaas/internal/cli/test_tenant_lifecycle.go:193.81,195.4 1 0
github.com/backsaas/backsaas/cmd/backsaas/internal/cli/test_tenant_lifecycle.go:199.2,199.74 1 0
github.com/backsaas/backsaas/cmd/backsaas/internal/cli/test_tenant_lifecycle.go:199.74,201.3 1 0
github.com/backsaas/backsaas/cmd/backsaas/internal/cli/test_tenant_lifecycle.go:204.2,204.80 1 0
github.com/backsaas/backsaas/cmd/backsaas/internal/cli/test_tenant_lifecycle.go:204.80,206.3 1 0
github.com/backsaas/backsaas/cmd/backsaas/internal/cli/test_tenant_lifecycle.go:208.2,209.12 2 0
github.com/backsaas/backsaas/cmd/backsaas/internal/cli/test_tenant_lifecycle.go:213.71,217.57 2 0
github.com/backsaas/backsaas/cmd/backsaas/internal/cli/test_tenant_lifecycle.go:217.57,219.3 1 0
github.com/backsaas/backsaas/cmd/backsaas/internal/cli/test_tenant_lifecycle.go:222.2,222.56 1 0
github.com/backsaas/backsaas/cmd/backsaas/internal/cli/test_tenant_lifecycle.go:222.56,224.3 1 0
github.com/backsaas/backsaas/cmd/backsaas/internal/cli/test_tenant_lifecycle.go:227.2,227.57 1 0
github.com/backsaas/backsaas/cmd/backsaas/internal/cli/test_tenant_lifecycle.go:227.57,229.3 1 0
github.com/backsaas/backsaas/cmd/backsaas/internal/cli/test_tenant_lifecycle.go:232.2,232.64 1 0
github.com/backsaas/backsaas/cmd/backsaas/internal/cli/test_tenant_lifecycle.go:232.64,234.3 1 0
github.com/backsaas/backsaas/cmd/backsaas/internal/cli/test_tenant_lifecycle.go:237.2,237.59 1 0
github.com/backsaas/backsaas/cmd/backsaas/internal/cli/test_tenant_lifecycle.go:237.59,239.3 1 0
github.com/backsaas/backsaas/cmd/backsaas/internal/cli/test_tenant_lifecycle.go:241.2,242.12 2 0
github.com/backsaas/backsaas/cmd/backsaas/internal/cli/test_tenant_lifecycle.go:246.70,250.61 2 0
github.com/backsaas/backsaas/cmd/backsaas/internal/cli/test_tenant_lifecycle.go:250.61,252.3 1 0
github.com/backsaas/backsaas/cmd/backsaas/internal/cli/test_tenant_lifecycle.go:255.2,255.61 1 0
github.com/backsaas/backsaas/cmd/backsaas/internal/cli/test_tenant_lifecycle.go:255.61,257.3 1 0
github.com/backsaas/backsaas/cmd/backsaas/internal/cli/test_tenant_lifecycle.go:260.2,260.60 1 0
github.com/backsaas/backsaas/cmd/backsaas/internal/cli/test_tenant_lifecycle.go:260.60,262.3 1 0
github.com/backsaas/backsaas/cmd/backsaas/internal/cli/test_tenant_lifecycle.go:265.2,265.62 1 0
github.com/backsaas/backsaas/cmd/backsaas/internal/cli/test_tenant_lifecycle.go:265.62,267.3 1 0
github.com/backsaas/backsaas/cmd/backsaas/internal/cli/test_tenant_lifecycle.go:269.2,270.12 2 0
github.com/backsaas/backsaas/cmd/backsaas/internal/cli/test_tenant_lifecycle.go:274.69,281.74 3 0
github.com/backsaas/backsaas/cmd/backsaas/internal/cli/test_tenant_lifecycle.go:281.74,283.3 1 0
github.com/backsaas/backsaas/cmd/backsaas/internal/cli/test_tenant_lifecycle.go:286.2,286.60 1 0
github.com/backsaas/backsaas/cmd/backsaas/internal/cli/test_tenant_lifecycle.go:286.60,288.3 1 0
github.com/backsaas/backsaas/cmd/backsaas/internal/cli/test_tenant_lifecycle.go:291.2,291.66 1 0
github.com/backsaas/backsaas/cmd/backsaas/internal/cli/test_tenant_lifecycle.go:291.66,293.3 1 0
github.com/backsaas/backsaas/cmd/backsaas/internal/cli/test_tenant_lifecycle.go:295.2,296.12 2 0
github.com/backsaas/backsaas/cmd/backsaas/internal/cli/test_tenant_lifecycle.go:300.70,305.16 3 0
github.com/backsaas/backsaas/cmd/backsaas/internal/cli/test_tenant_lifecycle.go:305.16,307.3 1 0
github.com/backsaas/backsaas/cmd/backsaas/internal/cli/test_tenant_lifecycle.go:310.2,310.69 1 0
github.com/backsaas/backsaas/cmd/backsaas/internal/cli/test_tenant_lifecycle.go:310.69,312.3 1 0
github.com/backsaas/backsaas/cmd/backsaas/internal/cli/test_tenant_lifecycle.go:315.2,315.72 1 0
github.com/backsaas/backsaas/cmd/backsaas/internal/cli/test_tenant_lifecycle.go:315.72,317.3 1 0
github.com/backsaas/backsaas/cmd/backsaas/internal/cli/test_tenant_lifecycle.go:319.2,320.12 2 0
github.com/backsaas/backsaas/cmd/backsaas/internal/cli/test_tenant_lifecycle.go:324.68,328.67 2 0
github.com/backsaas/backsaas/cmd/backsaas/internal/cli/test_tenant_lifecycle.go:328.67,330.3 1 0
github.com/backsaas/backsaas/cmd/backsaas/internal/cli/test_tenant_lifecycle.go:333.2,333.69 1 0
github.com/backsaas/backsaas/cmd/backsaas/internal/cli/test_tenant_lifecycle.go:333.69,335.3 1 0
github.com/backsaas/backsaas/cmd/backsaas/internal/cli/test_tenant_lifecycle.go:338.2,338.67 1 0
github.com/backsaas/backsaas/cmd/backsaas/internal/cli/test_tenant_lifecycle.go:338.67,340.3 1 0
github.com/backsaas/backsaas/cmd/backsaas/internal/cli/test_tenant_lifecycle.go:342.2,343.12 2 0
github.com/backsaas/backsaas/cmd/backsaas/internal/cli/test_tenant_lifecycle.go:347.65,351.72 2 0
github.com/backsaas/backsaas/cmd/backsaas/internal/cli/test_tenant_lifecycle.go:351.72,353.3 1 0
github.com/backsaas/backsaas/cmd/backsaas/internal/cli/test_tenant_lifecycle.go:356.2,356.59 1 0
github.com/backsaas/backsaas/cmd/backsaas/internal/cli/test_tenant_lifecycle.go:356.59,358.3 1 0
github.com/backsaas/backsaas/cmd/backsaas/internal/cli/test_tenant_lifecycle.go:361.2,361.57 1 0
github.com/backsaas/backsaas/cmd/backsaas/internal/cli/test_tenant_lifecycle.go:361.57,363.3 1 0
github.com/backsaas/backsaas/cmd/backsaas/internal/cli/test_tenant_lifecycle.go:365.2,366.12 2 0
github.com/backsaas/backsaas/cmd/backsaas/internal/cli/test_tenant_lifecycle.go:370.64,371.20 1 0
github.com/backsaas/backsaas/cmd/backsaas/internal/cli/test_tenant_lifecycle.go:371.20,374.3 2 0
github.com/backsaas/backsaas/cmd/backsaas/internal/cli/test_tenant_lifecycle.go:376.2,379.63 2 0
github.com/backsaas/backsaas/cmd/backsaas/internal/cli/test_tenant_lifecycle.go:379.63,381.3 1 0
github.com/backsaas/backsaas/cmd/backsaas/internal/cli/test_tenant_lifecycle.go:384.2,384.60 1 0
github.com/backsaas/backsaas/cmd/backsaas/internal/cli/test_tenant_lifecycle.go:384.60,386.3 1 0
github.com/backsaas/backsaas/cmd/backsaas/internal/cli/test_tenant_lifecycle.go:389.2,389.65 1 0
github.com/backsaas/backsaas/cmd/backsaas/internal/cli/test_tenant_lifecycle.go:389.65,391.3 1 0
github.com/backsaas/backsaas/cmd/backsaas/internal/cli/test_tenant_lifecycle.go:393.2,394.12 2 0
github.com/backsaas/backsaas/cmd/backsaas/internal/cli/test_tenant_lifecycle.go:399.41,402.2 2 0
github.com/backsaas/backsaas/cmd/backsaas/internal/cli/test_tenant_lifecycle.go:404.35,407.2 2 0
github.com/backsaas/backsaas/cmd/backsaas/internal/cli/test_tenant_lifecycle.go:409.50,412.2 2 0
github.com/backsaas/backsaas/cmd/backsaas/internal/cli/test_tenant_lifecycle.go:414.51,417.2 2 0
github.com/backsaas/backsaas/cmd/backsaas/internal/cli/test_tenant_lifecycle.go:419.79,422.2 2 0
github.com/backsaas/backsaas/cmd/backsaas/internal/cli/test_tenant_lifecycle.go:424.45,427.2 2 0
github.com/backsaas/backsaas/cmd/backsaas/internal/cli/test_tenant_lifecycle.go:429.52,432.2 2 0
github.com/backsaas/backsaas/cmd/backsaas/internal/cli/test_tenant_lifecycle.go:434.79,437.2 2 0
github.com/backsaas/backsaas/cmd/backsaas/internal/cli/test_tenant_lifecycle.go:439.79,442.2 2 0
github.com/backsaas/backsaas/cmd/backsaas/internal/cli/test_tenant_lifecycle.go:444.51,446.2 1 0
github.com/backsaas/backsaas/cmd/backsaas/internal/cli/test_tenant_lifecycle.go:448.48,451.2 2 0
github.com/backsaas/backsaas/cmd/backsaas/internal/cli/test_tenant_lifecycle.go:453.58,456.2 2 0
github.com/backsaas/backsaas/cmd/backsaas/internal/cli/test_tenant_lifecycle.go:458.51,461.2 2 0
github.com/backsaas/backsaas/cmd/backsaas/internal/cli/test_tenant_lifecycle.go:463.57,466.2 2 0
github.com/backsaas/backsaas/cmd/backsaas/internal/cli/test_tenant_lifecycle.go:468.64,471.2 2 0
github.com/backsaas/backsaas/cmd/backsaas/internal/cli/test_tenant_lifecycle.go:473.58,476.2 2 0
github.com/backsaas/backsaas/cmd/backsaas/internal/cli/test_tenant_lifecycle.go:478.44,481.2 2 0
github.com/backsaas/backsaas/cmd/backsaas/internal/cli/test_tenant_lifecycle.go:483.43,486.2 2 0
github.com/backsaas/backsaas/cmd/backsaas/internal/cli/test_tenant_lifecycle.go:488.44,491.2 2 0
github.com/backsaas/backsaas/cmd/backsaas/internal/cli/test_tenant_lifecycle.go:493.51,496.2 2 0
github.com/backsaas/backsaas/cmd/backsaas/internal/cli/test_tenant_lifecycle.go:498.46,501.2 2 0
github.com/backsaas/backsaas/cmd/backsaas/internal/cli/test_tenant_lifecycle.go:503.48,506.2 2 0
github.com/backsaas/backsaas/cmd/backsaas/internal/cli/test_tenant_lifecycle.go:508.48,511.2 2 0
github.com/backsaas/backsaas/cmd/backsaas/internal/cli/test_tenant_lifecycle.go:513.47,516.2 2 0
github.com/backsaas/backsaas/cmd/backsaas/internal/cli/test_tenant_lifecycle.go:518.49,521.2 2 0
github.com/backsaas/backsaas/cmd/backsaas/internal/cli/test_tenant_lifecycle.go:523.58,525.2 1 0
github.com/backsaas/backsaas/cmd/backsaas/internal/cli/test_tenant_lifecycle.go:527.54,530.2 2 0
github.com/backsaas/backsaas/cmd/backsaas/internal/cli/test_tenant_lifecycle.go:532.47,535.2 2 0
github.com/backsaas/backsaas/cmd/backsaas/internal/cli/test_tenant_lifecycle.go:537.53,540.2 2 0
github.com/backsaas/backsaas/cmd/backsaas/internal/cli/test_tenant_lifecycle.go:542.56,546.2 3 0
github.com/backsaas/backsaas/cmd/backsaas/internal/cli/test_tenant_lifecycle.go:548.56,551.2 2 0
github.com/backsaas/backsaas/cmd/backsaas/internal/cli/test_tenant_lifecycle.go:553.59,556.2 2 0
github.com/backsaas/backsaas/cmd/backsaas/internal/cli/test_tenant_lifecycle.go:558.54,561.2 2 0
github.com/backsaas/backsaas/cmd/backsaas/internal/cli/test_tenant_lifecycle.go:563.56,566.2 2 0
github.com/backsaas/backsaas/cmd/backsaas/internal/cli/test_tenant_lifecycle.go:568.54,571.2 2 0
github.com/backsaas/backsaas/cmd/backsaas/internal/cli/test_tenant_lifecycle.go:573.59,576.2 2 0
github.com/backsaas/backsaas/cmd/backsaas/internal/cli/test_tenant_lifecycle.go:578.46,581.2 2 0
github.com/backsaas/backsaas/cmd/backsaas/internal/cli/test_tenant_lifecycle.go:583.44,586.2 2 0
github.com/backsaas/backsaas/cmd/backsaas/internal/cli/test_tenant_lifecycle.go:588.50,591.2 2 0
github.com/backsaas/backsaas/cmd/backsaas/internal/cli/test_tenant_lifecycle.go:593.47,596.2 2 0
github.com/backsaas/backsaas/cmd/backsaas/internal/cli/test_tenant_lifecycle.go:598.52,601.2 2 0
github.com/backsaas/backsaas/cmd/backsaas/internal/cli/test_tenant_lifecycle.go:603.47,609.2 1 0
github.com/backsaas/backsaas/cmd/backsaas/internal/cli/user.go:67.13,91.2 15 1
github.com/backsaas/backsaas/cmd/backsaas/internal/cli/user.go:105.59,106.20 1 0
github.com/backsaas/backsaas/cmd/backsaas/internal/cli/user.go:106.20,109.3 2 0
github.com/backsaas/backsaas/cmd/backsaas/internal/cli/user.go:109.8,109.29 1 0
github.com/backsaas/backsaas/cmd/backsaas/internal/cli/user.go:109.29,112.3 2 0
github.com/backsaas/backsaas/cmd/backsaas/internal/cli/user.go:112.8,114.3 1 0
github.com/backsaas/backsaas/cmd/backsaas/internal/cli/user.go:121.2,155.41 2 0
github.com/backsaas/backsaas/cmd/backsaas/internal/cli/user.go:155.41,157.30 2 0
github.com/backsaas/backsaas/cmd/backsaas/internal/cli/user.go:157.30,158.35 1 0
github.com/backsaas/backsaas/cmd/backsaas/internal/cli/user.go:158.35,160.5 1 0
github.com/backsaas/backsaas/cmd/backsaas/internal/cli/user.go:162.3,162.24 1 0
github.com/backsaas/backsaas/cmd/backsaas/internal/cli/user.go:166.2,168.20 3 0
github.com/backsaas/backsaas/cmd/backsaas/internal/cli/user.go:168.20,170.3 1 0
github.com/backsaas/backsaas/cmd/backsaas/internal/cli/user.go:171.2,176.29 5 0
github.com/backsaas/backsaas/cmd/backsaas/internal/cli/user.go:176.29,178.25 2 0
github.com/backsaas/backsaas/cmd/backsaas/internal/cli/user.go:178.25,180.4 1 0
github.com/backsaas/backsaas/cmd/backsaas/internal/cli/user.go:182.3,184.22 3 0
github.com/backsaas/backsaas/cmd/backsaas/internal/cli/user.go:184.22,186.4 1 0
github.com/backsaas/backsaas/cmd/backsaas/internal/cli/user.go:186.9,188.4 1 0
github.com/backsaas/backsaas/cmd/backsaas/internal/cli/user.go:190.3,191.21 2 0
github.com/backsaas/backsaas/cmd/backsaas/internal/cli/user.go:191.21,193.4 1 0
github.com/backsaas/backsaas/cmd/backsaas/internal/cli/user.go:194.3,194.20 1 0
github.com/backsaas/backsaas/cmd/backsaas/internal/cli/user.go:197.2,200.12 3 0
github.com/backsaas/backsaas/cmd/backsaas/internal/cli/user.go:203.61,210.24 4 0
github.com/backsaas/backsaas/cmd/backsaas/internal/cli/user.go:210.24,213.17 3 0
github.com/backsaas/backsaas/cmd/backsaas/internal/cli/user.go:213.17,215.4 1 0
github.com/backsaas/backsaas/cmd/backsaas/internal/cli/user.go:218.2,223.18 5 0
github.com/backsaas/backsaas/cmd/backsaas/internal/cli/user.go:223.18,224.44 1 0
github.com/backsaas/backsaas/cmd/backsaas/internal/cli/user.go:224.44,227.4 2 0
github.com/backsaas/backsaas/cmd/backsaas/internal/cli/user.go:240.2,250.29 3 0
github.com/backsaas/backsaas/cmd/backsaas/internal/cli/user.go:250.29,254.3 2 0
github.com/backsaas/backsaas/cmd/backsaas/internal/cli/user.go:256.2,261.12 5 0
github.com/backsaas/backsaas/cmd/backsaas/internal/cli/user.go:264.59,274.25 4 0
github.com/backsaas/backsaas/cmd/backsaas/internal/cli/user.go:274.25,285.3 10 0
github.com/backsaas/backsaas/cmd/backsaas/internal/cli/user.go:285.8,288.3 2 0
github.com/backsaas/backsaas/cmd/backsaas/internal/cli/user.go:290.2,290.12 1 0
github.com/backsaas/backsaas/cmd/backsaas/internal/cli/user.go:293.60,300.23 4 0
github.com/backsaas/backsaas/cmd/backsaas/internal/cli/user.go:300.23,305.3 3 0
github.com/backsaas/backsaas/cmd/backsaas/internal/cli/user.go:307.2,307.26 1 0
github.com/backsaas/backsaas/cmd/backsaas/internal/cli/user.go:307.26,312.3 3 0
github.com/backsaas/backsaas/cmd/backsaas/internal/cli/user.go:318.2,329.12 11 0
github.com/backsaas/backsaas/cmd/backsaas/internal/cli/user.go:332.61,341.18 6 0
github.com/backsaas/backsaas/cmd/backsaas/internal/cli/user.go:341.18,342.69 1 0
github.com/backsaas/backsaas/cmd/backsaas/internal/cli/user.go:342.69,345.4 2 0
github.com/backsaas/backsaas/cmd/backsaas/internal/cli/user.go:349.2,358.29 3 0
github.com/backsaas/backsaas/cmd/backsaas/internal/cli/user.go:358.29,362.3 2 0
github.com/backsaas/backsaas/cmd/backsaas/internal/cli/user.go:364.2,366.12 2 0
